This file contains any messages produced by compilers while
running configure, to aid debugging if configure makes a mistake.

It was created by configure, which was
generated by GNU Autoconf 2.69.  Invocation command line was

  $ ./configure 

## --------- ##
## Platform. ##
## --------- ##

hostname = ArionRO
uname -m = x86_64
uname -r = 2.6.32-042stab113.11
uname -s = Linux
uname -v = #1 SMP Fri Dec 18 17:32:04 MSK 2015

/usr/bin/uname -p = unknown
/bin/uname -X     = unknown

/bin/arch              = x86_64
/usr/bin/arch -k       = unknown
/usr/convex/getsysinfo = unknown
/usr/bin/hostinfo      = unknown
/bin/machine           = unknown
/usr/bin/oslevel       = unknown
/bin/universe          = unknown

PATH: /opt/rh/devtoolset-3/root/usr/bin/
PATH: /usr/local/sbin
PATH: /usr/local/bin
PATH: /sbin
PATH: /bin
PATH: /usr/sbin
PATH: /usr/bin
PATH: /root/bin


## ----------- ##
## Core tests. ##
## ----------- ##

configure:2259: checking for gcc
configure:2275: found /opt/rh/devtoolset-3/root/usr/bin//gcc
configure:2286: result: gcc
configure:2515: checking for C compiler version
configure:2524: gcc --version >&5
gcc (GCC) 4.9.2 20150212 (Red Hat 4.9.2-6)
Copyright (C) 2014 Free Software Foundation, Inc.
This is free software; see the source for copying conditions.  There is NO
warranty; not even for MERCHANTABILITY or FITNESS FOR A PARTICULAR PURPOSE.

configure:2535: $? = 0
configure:2524: gcc -v >&5
Using built-in specs.
COLLECT_GCC=gcc
COLLECT_LTO_WRAPPER=/opt/rh/devtoolset-3/root/usr/libexec/gcc/x86_64-redhat-linux/4.9.2/lto-wrapper
Target: x86_64-redhat-linux
Configured with: ../configure --prefix=/opt/rh/devtoolset-3/root/usr --mandir=/opt/rh/devtoolset-3/root/usr/share/man --infodir=/opt/rh/devtoolset-3/root/usr/share/info --with-bugurl=http://bugzilla.redhat.com/bugzilla --enable-bootstrap --enable-shared --enable-threads=posix --enable-checking=release --enable-multilib --with-system-zlib --enable-__cxa_atexit --disable-libunwind-exceptions --enable-gnu-unique-object --enable-linker-build-id --enable-languages=c,c++,fortran,lto --enable-plugin --with-linker-hash-style=gnu --enable-initfini-array --disable-libgcj --with-isl=/builddir/build/BUILD/gcc-4.9.2-20150212/obj-x86_64-redhat-linux/isl-install --with-cloog=/builddir/build/BUILD/gcc-4.9.2-20150212/obj-x86_64-redhat-linux/cloog-install --with-mpc=/builddir/build/BUILD/gcc-4.9.2-20150212/obj-x86_64-redhat-linux/mpc-install --with-tune=generic --with-arch_32=i686 --build=x86_64-redhat-linux
Thread model: posix
gcc version 4.9.2 20150212 (Red Hat 4.9.2-6) (GCC) 
configure:2535: $? = 0
configure:2524: gcc -V >&5
gcc: error: unrecognized command line option '-V'
gcc: fatal error: no input files
compilation terminated.
configure:2535: $? = 4
configure:2524: gcc -qversion >&5
gcc: error: unrecognized command line option '-qversion'
gcc: fatal error: no input files
compilation terminated.
configure:2535: $? = 4
configure:2555: checking whether the C compiler works
configure:2577: gcc    conftest.c  >&5
configure:2581: $? = 0
configure:2629: result: yes
configure:2632: checking for C compiler default output file name
configure:2634: result: a.out
configure:2640: checking for suffix of executables
configure:2647: gcc -o conftest    conftest.c  >&5
configure:2651: $? = 0
configure:2673: result: 
configure:2695: checking whether we are cross compiling
configure:2703: gcc -o conftest    conftest.c  >&5
configure:2707: $? = 0
configure:2714: ./conftest
configure:2718: $? = 0
configure:2733: result: no
configure:2738: checking for suffix of object files
configure:2760: gcc -c   conftest.c >&5
configure:2764: $? = 0
configure:2785: result: o
configure:2789: checking whether we are using the GNU C compiler
configure:2808: gcc -c   conftest.c >&5
configure:2808: $? = 0
configure:2817: result: yes
configure:2826: checking whether gcc accepts -g
configure:2846: gcc -c -g  conftest.c >&5
configure:2846: $? = 0
configure:2887: result: yes
configure:2904: checking for gcc option to accept ISO C89
configure:2967: gcc  -c -g -O2  conftest.c >&5
configure:2967: $? = 0
configure:2980: result: none needed
configure:3006: checking how to run the C preprocessor
configure:3037: gcc -E  conftest.c
configure:3037: $? = 0
configure:3051: gcc -E  conftest.c
conftest.c:9:28: fatal error: ac_nonexistent.h: No such file or directory
 #include <ac_nonexistent.h>
                            ^
compilation terminated.
configure:3051: $? = 1
configure: failed program was:
| /* confdefs.h */
| #define PACKAGE_NAME ""
| #define PACKAGE_TARNAME ""
| #define PACKAGE_VERSION ""
| #define PACKAGE_STRING ""
| #define PACKAGE_BUGREPORT ""
| #define PACKAGE_URL ""
| /* end confdefs.h.  */
| #include <ac_nonexistent.h>
configure:3076: result: gcc -E
configure:3096: gcc -E  conftest.c
configure:3096: $? = 0
configure:3110: gcc -E  conftest.c
conftest.c:9:28: fatal error: ac_nonexistent.h: No such file or directory
 #include <ac_nonexistent.h>
                            ^
compilation terminated.
configure:3110: $? = 1
configure: failed program was:
| /* confdefs.h */
| #define PACKAGE_NAME ""
| #define PACKAGE_TARNAME ""
| #define PACKAGE_VERSION ""
| #define PACKAGE_STRING ""
| #define PACKAGE_BUGREPORT ""
| #define PACKAGE_URL ""
| /* end confdefs.h.  */
| #include <ac_nonexistent.h>
configure:3139: checking for grep that handles long lines and -e
configure:3197: result: /bin/grep
configure:3202: checking for egrep
configure:3264: result: /bin/grep -E
configure:3269: checking for ANSI C header files
configure:3289: gcc -c -g -O2  conftest.c >&5
configure:3289: $? = 0
configure:3362: gcc -o conftest -g -O2   conftest.c  >&5
configure:3362: $? = 0
configure:3362: ./conftest
configure:3362: $? = 0
configure:3373: result: yes
configure:3386: checking for sys/types.h
configure:3386: gcc -c -g -O2  conftest.c >&5
configure:3386: $? = 0
configure:3386: result: yes
configure:3386: checking for sys/stat.h
configure:3386: gcc -c -g -O2  conftest.c >&5
configure:3386: $? = 0
configure:3386: result: yes
configure:3386: checking for stdlib.h
configure:3386: gcc -c -g -O2  conftest.c >&5
configure:3386: $? = 0
configure:3386: result: yes
configure:3386: checking for string.h
configure:3386: gcc -c -g -O2  conftest.c >&5
configure:3386: $? = 0
configure:3386: result: yes
configure:3386: checking for memory.h
configure:3386: gcc -c -g -O2  conftest.c >&5
configure:3386: $? = 0
configure:3386: result: yes
configure:3386: checking for strings.h
configure:3386: gcc -c -g -O2  conftest.c >&5
configure:3386: $? = 0
configure:3386: result: yes
configure:3386: checking for inttypes.h
configure:3386: gcc -c -g -O2  conftest.c >&5
configure:3386: $? = 0
configure:3386: result: yes
configure:3386: checking for stdint.h
configure:3386: gcc -c -g -O2  conftest.c >&5
configure:3386: $? = 0
configure:3386: result: yes
configure:3386: checking for unistd.h
configure:3386: gcc -c -g -O2  conftest.c >&5
configure:3386: $? = 0
configure:3386: result: yes
configure:3399: checking minix/config.h usability
configure:3399: gcc -c -g -O2  conftest.c >&5
conftest.c:52:26: fatal error: minix/config.h: No such file or directory
 #include <minix/config.h>
                          ^
compilation terminated.
configure:3399: $? = 1
configure: failed program was:
| /* confdefs.h */
| #define PACKAGE_NAME ""
| #define PACKAGE_TARNAME ""
| #define PACKAGE_VERSION ""
| #define PACKAGE_STRING ""
| #define PACKAGE_BUGREPORT ""
| #define PACKAGE_URL ""
| #define STDC_HEADERS 1
| #define HAVE_SYS_TYPES_H 1
| #define HAVE_SYS_STAT_H 1
| #define HAVE_STDLIB_H 1
| #define HAVE_STRING_H 1
| #define HAVE_MEMORY_H 1
| #define HAVE_STRINGS_H 1
| #define HAVE_INTTYPES_H 1
| #define HAVE_STDINT_H 1
| #define HAVE_UNISTD_H 1
| /* end confdefs.h.  */
| #include <stdio.h>
| #ifdef HAVE_SYS_TYPES_H
| # include <sys/types.h>
| #endif
| #ifdef HAVE_SYS_STAT_H
| # include <sys/stat.h>
| #endif
| #ifdef STDC_HEADERS
| # include <stdlib.h>
| # include <stddef.h>
| #else
| # ifdef HAVE_STDLIB_H
| #  include <stdlib.h>
| # endif
| #endif
| #ifdef HAVE_STRING_H
| # if !defined STDC_HEADERS && defined HAVE_MEMORY_H
| #  include <memory.h>
| # endif
| # include <string.h>
| #endif
| #ifdef HAVE_STRINGS_H
| # include <strings.h>
| #endif
| #ifdef HAVE_INTTYPES_H
| # include <inttypes.h>
| #endif
| #ifdef HAVE_STDINT_H
| # include <stdint.h>
| #endif
| #ifdef HAVE_UNISTD_H
| # include <unistd.h>
| #endif
| #include <minix/config.h>
configure:3399: result: no
configure:3399: checking minix/config.h presence
configure:3399: gcc -E  conftest.c
conftest.c:19:26: fatal error: minix/config.h: No such file or directory
 #include <minix/config.h>
                          ^
compilation terminated.
configure:3399: $? = 1
configure: failed program was:
| /* confdefs.h */
| #define PACKAGE_NAME ""
| #define PACKAGE_TARNAME ""
| #define PACKAGE_VERSION ""
| #define PACKAGE_STRING ""
| #define PACKAGE_BUGREPORT ""
| #define PACKAGE_URL ""
| #define STDC_HEADERS 1
| #define HAVE_SYS_TYPES_H 1
| #define HAVE_SYS_STAT_H 1
| #define HAVE_STDLIB_H 1
| #define HAVE_STRING_H 1
| #define HAVE_MEMORY_H 1
| #define HAVE_STRINGS_H 1
| #define HAVE_INTTYPES_H 1
| #define HAVE_STDINT_H 1
| #define HAVE_UNISTD_H 1
| /* end confdefs.h.  */
| #include <minix/config.h>
configure:3399: result: no
configure:3399: checking for minix/config.h
configure:3399: result: no
configure:3420: checking whether it is safe to define __EXTENSIONS__
configure:3438: gcc -c -g -O2  conftest.c >&5
configure:3438: $? = 0
configure:3445: result: yes
configure:4005: checking whether make sets $(MAKE)
configure:4027: result: yes
configure:4084: checking for gcc
configure:4111: result: gcc
configure:4340: checking for C compiler version
configure:4349: gcc --version >&5
gcc (GCC) 4.9.2 20150212 (Red Hat 4.9.2-6)
Copyright (C) 2014 Free Software Foundation, Inc.
This is free software; see the source for copying conditions.  There is NO
warranty; not even for MERCHANTABILITY or FITNESS FOR A PARTICULAR PURPOSE.

configure:4360: $? = 0
configure:4349: gcc -v >&5
Using built-in specs.
COLLECT_GCC=gcc
COLLECT_LTO_WRAPPER=/opt/rh/devtoolset-3/root/usr/libexec/gcc/x86_64-redhat-linux/4.9.2/lto-wrapper
Target: x86_64-redhat-linux
Configured with: ../configure --prefix=/opt/rh/devtoolset-3/root/usr --mandir=/opt/rh/devtoolset-3/root/usr/share/man --infodir=/opt/rh/devtoolset-3/root/usr/share/info --with-bugurl=http://bugzilla.redhat.com/bugzilla --enable-bootstrap --enable-shared --enable-threads=posix --enable-checking=release --enable-multilib --with-system-zlib --enable-__cxa_atexit --disable-libunwind-exceptions --enable-gnu-unique-object --enable-linker-build-id --enable-languages=c,c++,fortran,lto --enable-plugin --with-linker-hash-style=gnu --enable-initfini-array --disable-libgcj --with-isl=/builddir/build/BUILD/gcc-4.9.2-20150212/obj-x86_64-redhat-linux/isl-install --with-cloog=/builddir/build/BUILD/gcc-4.9.2-20150212/obj-x86_64-redhat-linux/cloog-install --with-mpc=/builddir/build/BUILD/gcc-4.9.2-20150212/obj-x86_64-redhat-linux/mpc-install --with-tune=generic --with-arch_32=i686 --build=x86_64-redhat-linux
Thread model: posix
gcc version 4.9.2 20150212 (Red Hat 4.9.2-6) (GCC) 
configure:4360: $? = 0
configure:4349: gcc -V >&5
gcc: error: unrecognized command line option '-V'
gcc: fatal error: no input files
compilation terminated.
configure:4360: $? = 4
configure:4349: gcc -qversion >&5
gcc: error: unrecognized command line option '-qversion'
gcc: fatal error: no input files
compilation terminated.
configure:4360: $? = 4
configure:4364: checking whether we are using the GNU C compiler
configure:4392: result: yes
configure:4401: checking whether gcc accepts -g
configure:4462: result: yes
configure:4479: checking for gcc option to accept ISO C89
configure:4555: result: none needed
configure:4580: checking how to run the C preprocessor
configure:4650: result: gcc -E
configure:4670: gcc -E  -DMAXCONN=16384 conftest.c
configure:4670: $? = 0
configure:4684: gcc -E  -DMAXCONN=16384 conftest.c
conftest.c:24:28: fatal error: ac_nonexistent.h: No such file or directory
 #include <ac_nonexistent.h>
                            ^
compilation terminated.
configure:4684: $? = 1
configure: failed program was:
| /* confdefs.h */
| #define PACKAGE_NAME ""
| #define PACKAGE_TARNAME ""
| #define PACKAGE_VERSION ""
| #define PACKAGE_STRING ""
| #define PACKAGE_BUGREPORT ""
| #define PACKAGE_URL ""
| #define STDC_HEADERS 1
| #define HAVE_SYS_TYPES_H 1
| #define HAVE_SYS_STAT_H 1
| #define HAVE_STDLIB_H 1
| #define HAVE_STRING_H 1
| #define HAVE_MEMORY_H 1
| #define HAVE_STRINGS_H 1
| #define HAVE_INTTYPES_H 1
| #define HAVE_STDINT_H 1
| #define HAVE_UNISTD_H 1
| #define __EXTENSIONS__ 1
| #define _ALL_SOURCE 1
| #define _GNU_SOURCE 1
| #define _POSIX_PTHREAD_SEMANTICS 1
| #define _TANDEM_SOURCE 1
| /* end confdefs.h.  */
| #include <ac_nonexistent.h>
configure:4714: checking for ar
configure:4732: found /opt/rh/devtoolset-3/root/usr/bin//ar
configure:4744: result: /opt/rh/devtoolset-3/root/usr/bin//ar
configure:4779: checking whether gcc supports -std=c11
configure:4787: gcc -c -g -O2 -std=c11  -DMAXCONN=16384 conftest.c >&5
configure:4787: $? = 0
configure:4789: result: yes
configure:4838: checking whether byte ordering is bigendian
configure:4853: gcc -c -g -O2 -std=c11 -pipe -ffast-math -Wall -Wextra -Wno-sign-compare  -DMAXCONN=16384 -I../common conftest.c >&5
conftest.c:25:9: error: unknown type name 'not'
         not a universal capable compiler
         ^
conftest.c:25:15: error: expected '=', ',', ';', 'asm' or '__attribute__' before 'universal'
         not a universal capable compiler
               ^
conftest.c:25:15: error: unknown type name 'universal'
configure:4853: $? = 1
configure: failed program was:
| /* confdefs.h */
| #define PACKAGE_NAME ""
| #define PACKAGE_TARNAME ""
| #define PACKAGE_VERSION ""
| #define PACKAGE_STRING ""
| #define PACKAGE_BUGREPORT ""
| #define PACKAGE_URL ""
| #define STDC_HEADERS 1
| #define HAVE_SYS_TYPES_H 1
| #define HAVE_SYS_STAT_H 1
| #define HAVE_STDLIB_H 1
| #define HAVE_STRING_H 1
| #define HAVE_MEMORY_H 1
| #define HAVE_STRINGS_H 1
| #define HAVE_INTTYPES_H 1
| #define HAVE_STDINT_H 1
| #define HAVE_UNISTD_H 1
| #define __EXTENSIONS__ 1
| #define _ALL_SOURCE 1
| #define _GNU_SOURCE 1
| #define _POSIX_PTHREAD_SEMANTICS 1
| #define _TANDEM_SOURCE 1
| /* end confdefs.h.  */
| #ifndef __APPLE_CC__
| 	       not a universal capable compiler
| 	     #endif
| 	     typedef int dummy;
| 
configure:4898: gcc -c -g -O2 -std=c11 -pipe -ffast-math -Wall -Wextra -Wno-sign-compare  -DMAXCONN=16384 -I../common conftest.c >&5
configure:4898: $? = 0
configure:4916: gcc -c -g -O2 -std=c11 -pipe -ffast-math -Wall -Wextra -Wno-sign-compare  -DMAXCONN=16384 -I../common conftest.c >&5
conftest.c: In function 'main':
conftest.c:31:4: error: unknown type name 'not'
    not big endian
    ^
conftest.c:31:12: error: expected '=', ',', ';', 'asm' or '__attribute__' before 'endian'
    not big endian
            ^
configure:4916: $? = 1
configure: failed program was:
| /* confdefs.h */
| #define PACKAGE_NAME ""
| #define PACKAGE_TARNAME ""
| #define PACKAGE_VERSION ""
| #define PACKAGE_STRING ""
| #define PACKAGE_BUGREPORT ""
| #define PACKAGE_URL ""
| #define STDC_HEADERS 1
| #define HAVE_SYS_TYPES_H 1
| #define HAVE_SYS_STAT_H 1
| #define HAVE_STDLIB_H 1
| #define HAVE_STRING_H 1
| #define HAVE_MEMORY_H 1
| #define HAVE_STRINGS_H 1
| #define HAVE_INTTYPES_H 1
| #define HAVE_STDINT_H 1
| #define HAVE_UNISTD_H 1
| #define __EXTENSIONS__ 1
| #define _ALL_SOURCE 1
| #define _GNU_SOURCE 1
| #define _POSIX_PTHREAD_SEMANTICS 1
| #define _TANDEM_SOURCE 1
| /* end confdefs.h.  */
| #include <sys/types.h>
| 		#include <sys/param.h>
| 
| int
| main ()
| {
| #if BYTE_ORDER != BIG_ENDIAN
| 		 not big endian
| 		#endif
| 
|   ;
|   return 0;
| }
configure:5044: result: no
configure:5113: checking whether gcc produces 32bit code
configure:5131: gcc -o conftest -g -O2 -std=c11 -pipe -ffast-math -Wall -Wextra -Wno-sign-compare  -DMAXCONN=16384 -I../common  conftest.c  >&5
conftest.c: In function 'main':
conftest.c:25:16: warning: unused parameter 'argc' [-Wunused-parameter]
   int main(int argc, char **argv){
                ^
conftest.c:25:29: warning: unused parameter 'argv' [-Wunused-parameter]
   int main(int argc, char **argv){
                             ^
configure:5131: $? = 0
configure:5131: ./conftest
configure:5131: $? = 1
configure: program exited with status 1
configure: failed program was:
| /* confdefs.h */
| #define PACKAGE_NAME ""
| #define PACKAGE_TARNAME ""
| #define PACKAGE_VERSION ""
| #define PACKAGE_STRING ""
| #define PACKAGE_BUGREPORT ""
| #define PACKAGE_URL ""
| #define STDC_HEADERS 1
| #define HAVE_SYS_TYPES_H 1
| #define HAVE_SYS_STAT_H 1
| #define HAVE_STDLIB_H 1
| #define HAVE_STRING_H 1
| #define HAVE_MEMORY_H 1
| #define HAVE_STRINGS_H 1
| #define HAVE_INTTYPES_H 1
| #define HAVE_STDINT_H 1
| #define HAVE_UNISTD_H 1
| #define __EXTENSIONS__ 1
| #define _ALL_SOURCE 1
| #define _GNU_SOURCE 1
| #define _POSIX_PTHREAD_SEMANTICS 1
| #define _TANDEM_SOURCE 1
| /* end confdefs.h.  */
| 
| 		int main(int argc, char **argv){
| 			if(sizeof(void*) == 4) return 0;
| 			else return 1;
| 		}
| 
configure:5176: result: no
configure:5190: checking whether gcc supports __thread specifier (TLS)
configure:5209: gcc -o conftest -g -O2 -std=c11 -pipe -ffast-math -Wall -Wextra -Wno-sign-compare  -DMAXCONN=16384 -I../common  conftest.c  >&5
conftest.c: In function 'main':
conftest.c:27:16: warning: unused parameter 'argc' [-Wunused-parameter]
   int main(int argc, char **argv){
                ^
conftest.c:27:29: warning: unused parameter 'argv' [-Wunused-parameter]
   int main(int argc, char **argv){
                             ^
configure:5209: $? = 0
configure:5209: ./conftest
configure:5209: $? = 0
configure:5211: result: yes
configure:5234: checking whether gcc accepts -rdynamic
configure:5245: gcc -o conftest -g -O2 -std=c11 -pipe -ffast-math -Wall -Wextra -Wno-sign-compare  -DMAXCONN=16384 -I../common -DHAS_TLS  -rdynamic conftest.c  >&5
conftest.c: In function 'main':
conftest.c:25:16: warning: unused parameter 'argc' [-Wunused-parameter]
   int main(int argc, char **argv)
                ^
conftest.c:25:29: warning: unused parameter 'argv' [-Wunused-parameter]
   int main(int argc, char **argv)
                             ^
configure:5245: $? = 0
configure:5247: result: yes
configure:6234: checking whether gcc supports -Wno-unused-parameter
configure:6242: gcc -c -g -O2 -std=c11 -pipe -ffast-math -Wall -Wextra -Wno-sign-compare -Werror -Wno-unused-parameter  -DMAXCONN=16384 -I../common -DHAS_TLS conftest.c >&5
configure:6242: $? = 0
configure:6252: gcc -c -g -O2 -std=c11 -pipe -ffast-math -Wall -Wextra -Wno-sign-compare -Werror -Wunused-parameter  -DMAXCONN=16384 -I../common -DHAS_TLS conftest.c >&5
configure:6252: $? = 0
configure:6254: result: yes
configure:6259: checking whether gcc can actually use -Wno-unused-parameter
configure:6266: gcc -c -g -O2 -std=c11 -pipe -ffast-math -Wall -Wextra -Wno-sign-compare -Werror -Wunused-parameter  -DMAXCONN=16384 -I../common -DHAS_TLS conftest.c >&5
conftest.c: In function 'foo':
conftest.c:24:13: error: unused parameter 'bar' [-Werror=unused-parameter]
 int foo(int bar) { return 0; }
             ^
cc1: all warnings being treated as errors
configure:6266: $? = 1
configure: failed program was:
| /* confdefs.h */
| #define PACKAGE_NAME ""
| #define PACKAGE_TARNAME ""
| #define PACKAGE_VERSION ""
| #define PACKAGE_STRING ""
| #define PACKAGE_BUGREPORT ""
| #define PACKAGE_URL ""
| #define STDC_HEADERS 1
| #define HAVE_SYS_TYPES_H 1
| #define HAVE_SYS_STAT_H 1
| #define HAVE_STDLIB_H 1
| #define HAVE_STRING_H 1
| #define HAVE_MEMORY_H 1
| #define HAVE_STRINGS_H 1
| #define HAVE_INTTYPES_H 1
| #define HAVE_STDINT_H 1
| #define HAVE_UNISTD_H 1
| #define __EXTENSIONS__ 1
| #define _ALL_SOURCE 1
| #define _GNU_SOURCE 1
| #define _POSIX_PTHREAD_SEMANTICS 1
| #define _TANDEM_SOURCE 1
| /* end confdefs.h.  */
| int foo(int bar) { return 0; }
configure:6279: gcc -c -g -O2 -std=c11 -pipe -ffast-math -Wall -Wextra -Wno-sign-compare -Werror -Wno-unused-parameter  -DMAXCONN=16384 -I../common -DHAS_TLS conftest.c >&5
configure:6279: $? = 0
configure:6281: result: yes
configure:6322: checking whether gcc supports -Wno-clobbered
configure:6330: gcc -c -g -O2 -std=c11 -pipe -ffast-math -Wall -Wextra -Wno-sign-compare -Wno-unused-parameter -Werror -Wno-clobbered  -DMAXCONN=16384 -I../common -DHAS_TLS conftest.c >&5
configure:6330: $? = 0
configure:6340: gcc -c -g -O2 -std=c11 -pipe -ffast-math -Wall -Wextra -Wno-sign-compare -Wno-unused-parameter -Werror -Wclobbered  -DMAXCONN=16384 -I../common -DHAS_TLS conftest.c >&5
configure:6340: $? = 0
configure:6342: result: yes
configure:6410: checking whether gcc supports -Wempty-body
configure:6418: gcc -c -g -O2 -std=c11 -pipe -ffast-math -Wall -Wextra -Wno-sign-compare -Wno-unused-parameter -Wno-clobbered -Werror -Wempty-body  -DMAXCONN=16384 -I../common -DHAS_TLS conftest.c >&5
configure:6418: $? = 0
configure:6420: result: yes
configure:6459: checking whether gcc supports -Wnewline-eof
configure:6467: gcc -c -g -O2 -std=c11 -pipe -ffast-math -Wall -Wextra -Wno-sign-compare -Wno-unused-parameter -Wno-clobbered -Wempty-body -Werror -Wnewline-eof  -DMAXCONN=16384 -I../common -DHAS_TLS conftest.c >&5
gcc: error: unrecognized command line option '-Wnewline-eof'
configure:6467: $? = 1
configure: failed program was:
| /* confdefs.h */
| #define PACKAGE_NAME ""
| #define PACKAGE_TARNAME ""
| #define PACKAGE_VERSION ""
| #define PACKAGE_STRING ""
| #define PACKAGE_BUGREPORT ""
| #define PACKAGE_URL ""
| #define STDC_HEADERS 1
| #define HAVE_SYS_TYPES_H 1
| #define HAVE_SYS_STAT_H 1
| #define HAVE_STDLIB_H 1
| #define HAVE_STRING_H 1
| #define HAVE_MEMORY_H 1
| #define HAVE_STRINGS_H 1
| #define HAVE_INTTYPES_H 1
| #define HAVE_STDINT_H 1
| #define HAVE_UNISTD_H 1
| #define __EXTENSIONS__ 1
| #define _ALL_SOURCE 1
| #define _GNU_SOURCE 1
| #define _POSIX_PTHREAD_SEMANTICS 1
| #define _TANDEM_SOURCE 1
| /* end confdefs.h.  */
| int foo;
configure:6498: result: no
configure:6508: checking whether gcc supports -Wint-conversion
configure:6516: gcc -c -g -O2 -std=c11 -pipe -ffast-math -Wall -Wextra -Wno-sign-compare -Wno-unused-parameter -Wno-clobbered -Wempty-body -Werror -Wint-conversion  -DMAXCONN=16384 -I../common -DHAS_TLS conftest.c >&5
gcc: error: unrecognized command line option '-Wint-conversion'
configure:6516: $? = 1
configure: failed program was:
| /* confdefs.h */
| #define PACKAGE_NAME ""
| #define PACKAGE_TARNAME ""
| #define PACKAGE_VERSION ""
| #define PACKAGE_STRING ""
| #define PACKAGE_BUGREPORT ""
| #define PACKAGE_URL ""
| #define STDC_HEADERS 1
| #define HAVE_SYS_TYPES_H 1
| #define HAVE_SYS_STAT_H 1
| #define HAVE_STDLIB_H 1
| #define HAVE_STRING_H 1
| #define HAVE_MEMORY_H 1
| #define HAVE_STRINGS_H 1
| #define HAVE_INTTYPES_H 1
| #define HAVE_STDINT_H 1
| #define HAVE_UNISTD_H 1
| #define __EXTENSIONS__ 1
| #define _ALL_SOURCE 1
| #define _GNU_SOURCE 1
| #define _POSIX_PTHREAD_SEMANTICS 1
| #define _TANDEM_SOURCE 1
| /* end confdefs.h.  */
| int foo;
configure:6547: result: no
configure:6557: checking whether gcc supports -Winit-self
configure:6565: gcc -c -g -O2 -std=c11 -pipe -ffast-math -Wall -Wextra -Wno-sign-compare -Wno-unused-parameter -Wno-clobbered -Wempty-body -Werror -Winit-self  -DMAXCONN=16384 -I../common -DHAS_TLS conftest.c >&5
configure:6565: $? = 0
configure:6567: result: yes
configure:6606: checking whether gcc supports -Wpointer-arith
configure:6614: gcc -c -g -O2 -std=c11 -pipe -ffast-math -Wall -Wextra -Wno-sign-compare -Wno-unused-parameter -Wno-clobbered -Wempty-body -Winit-self -Werror -Wpointer-arith  -DMAXCONN=16384 -I../common -DHAS_TLS conftest.c >&5
configure:6614: $? = 0
configure:6616: result: yes
configure:6655: checking whether gcc supports -Wswitch-bool
configure:6663: gcc -c -g -O2 -std=c11 -pipe -ffast-math -Wall -Wextra -Wno-sign-compare -Wno-unused-parameter -Wno-clobbered -Wempty-body -Winit-self -Wpointer-arith -Werror -Wswitch-bool  -DMAXCONN=16384 -I../common -DHAS_TLS conftest.c >&5
gcc: error: unrecognized command line option '-Wswitch-bool'
configure:6663: $? = 1
configure: failed program was:
| /* confdefs.h */
| #define PACKAGE_NAME ""
| #define PACKAGE_TARNAME ""
| #define PACKAGE_VERSION ""
| #define PACKAGE_STRING ""
| #define PACKAGE_BUGREPORT ""
| #define PACKAGE_URL ""
| #define STDC_HEADERS 1
| #define HAVE_SYS_TYPES_H 1
| #define HAVE_SYS_STAT_H 1
| #define HAVE_STDLIB_H 1
| #define HAVE_STRING_H 1
| #define HAVE_MEMORY_H 1
| #define HAVE_STRINGS_H 1
| #define HAVE_INTTYPES_H 1
| #define HAVE_STDINT_H 1
| #define HAVE_UNISTD_H 1
| #define __EXTENSIONS__ 1
| #define _ALL_SOURCE 1
| #define _GNU_SOURCE 1
| #define _POSIX_PTHREAD_SEMANTICS 1
| #define _TANDEM_SOURCE 1
| /* end confdefs.h.  */
| int foo;
configure:6694: result: no
configure:6704: checking whether gcc supports -Wenum-conversion
configure:6712: gcc -c -g -O2 -std=c11 -pipe -ffast-math -Wall -Wextra -Wno-sign-compare -Wno-unused-parameter -Wno-clobbered -Wempty-body -Winit-self -Wpointer-arith -Werror -Wenum-conversion  -DMAXCONN=16384 -I../common -DHAS_TLS conftest.c >&5
gcc: error: unrecognized command line option '-Wenum-conversion'
configure:6712: $? = 1
configure: failed program was:
| /* confdefs.h */
| #define PACKAGE_NAME ""
| #define PACKAGE_TARNAME ""
| #define PACKAGE_VERSION ""
| #define PACKAGE_STRING ""
| #define PACKAGE_BUGREPORT ""
| #define PACKAGE_URL ""
| #define STDC_HEADERS 1
| #define HAVE_SYS_TYPES_H 1
| #define HAVE_SYS_STAT_H 1
| #define HAVE_STDLIB_H 1
| #define HAVE_STRING_H 1
| #define HAVE_MEMORY_H 1
| #define HAVE_STRINGS_H 1
| #define HAVE_INTTYPES_H 1
| #define HAVE_STDINT_H 1
| #define HAVE_UNISTD_H 1
| #define __EXTENSIONS__ 1
| #define _ALL_SOURCE 1
| #define _GNU_SOURCE 1
| #define _POSIX_PTHREAD_SEMANTICS 1
| #define _TANDEM_SOURCE 1
| /* end confdefs.h.  */
| int foo;
configure:6743: result: no
configure:6753: checking whether gcc supports -Wshorten-64-to-32
configure:6761: gcc -c -g -O2 -std=c11 -pipe -ffast-math -Wall -Wextra -Wno-sign-compare -Wno-unused-parameter -Wno-clobbered -Wempty-body -Winit-self -Wpointer-arith -Werror -Wshorten-64-to-32  -DMAXCONN=16384 -I../common -DHAS_TLS conftest.c >&5
gcc: error: unrecognized command line option '-Wshorten-64-to-32'
configure:6761: $? = 1
configure: failed program was:
| /* confdefs.h */
| #define PACKAGE_NAME ""
| #define PACKAGE_TARNAME ""
| #define PACKAGE_VERSION ""
| #define PACKAGE_STRING ""
| #define PACKAGE_BUGREPORT ""
| #define PACKAGE_URL ""
| #define STDC_HEADERS 1
| #define HAVE_SYS_TYPES_H 1
| #define HAVE_SYS_STAT_H 1
| #define HAVE_STDLIB_H 1
| #define HAVE_STRING_H 1
| #define HAVE_MEMORY_H 1
| #define HAVE_STRINGS_H 1
| #define HAVE_INTTYPES_H 1
| #define HAVE_STDINT_H 1
| #define HAVE_UNISTD_H 1
| #define __EXTENSIONS__ 1
| #define _ALL_SOURCE 1
| #define _GNU_SOURCE 1
| #define _POSIX_PTHREAD_SEMANTICS 1
| #define _TANDEM_SOURCE 1
| /* end confdefs.h.  */
| int foo;
configure:6792: result: no
configure:6802: checking whether gcc supports -Wconstant-conversion
configure:6810: gcc -c -g -O2 -std=c11 -pipe -ffast-math -Wall -Wextra -Wno-sign-compare -Wno-unused-parameter -Wno-clobbered -Wempty-body -Winit-self -Wpointer-arith -Werror -Wconstant-conversion  -DMAXCONN=16384 -I../common -DHAS_TLS conftest.c >&5
gcc: error: unrecognized command line option '-Wconstant-conversion'
configure:6810: $? = 1
configure: failed program was:
| /* confdefs.h */
| #define PACKAGE_NAME ""
| #define PACKAGE_TARNAME ""
| #define PACKAGE_VERSION ""
| #define PACKAGE_STRING ""
| #define PACKAGE_BUGREPORT ""
| #define PACKAGE_URL ""
| #define STDC_HEADERS 1
| #define HAVE_SYS_TYPES_H 1
| #define HAVE_SYS_STAT_H 1
| #define HAVE_STDLIB_H 1
| #define HAVE_STRING_H 1
| #define HAVE_MEMORY_H 1
| #define HAVE_STRINGS_H 1
| #define HAVE_INTTYPES_H 1
| #define HAVE_STDINT_H 1
| #define HAVE_UNISTD_H 1
| #define __EXTENSIONS__ 1
| #define _ALL_SOURCE 1
| #define _GNU_SOURCE 1
| #define _POSIX_PTHREAD_SEMANTICS 1
| #define _TANDEM_SOURCE 1
| /* end confdefs.h.  */
| int foo;
configure:6841: result: no
configure:6851: checking whether gcc supports -Wbool-conversion
configure:6859: gcc -c -g -O2 -std=c11 -pipe -ffast-math -Wall -Wextra -Wno-sign-compare -Wno-unused-parameter -Wno-clobbered -Wempty-body -Winit-self -Wpointer-arith -Werror -Wbool-conversion  -DMAXCONN=16384 -I../common -DHAS_TLS conftest.c >&5
gcc: error: unrecognized command line option '-Wbool-conversion'
configure:6859: $? = 1
configure: failed program was:
| /* confdefs.h */
| #define PACKAGE_NAME ""
| #define PACKAGE_TARNAME ""
| #define PACKAGE_VERSION ""
| #define PACKAGE_STRING ""
| #define PACKAGE_BUGREPORT ""
| #define PACKAGE_URL ""
| #define STDC_HEADERS 1
| #define HAVE_SYS_TYPES_H 1
| #define HAVE_SYS_STAT_H 1
| #define HAVE_STDLIB_H 1
| #define HAVE_STRING_H 1
| #define HAVE_MEMORY_H 1
| #define HAVE_STRINGS_H 1
| #define HAVE_INTTYPES_H 1
| #define HAVE_STDINT_H 1
| #define HAVE_UNISTD_H 1
| #define __EXTENSIONS__ 1
| #define _ALL_SOURCE 1
| #define _GNU_SOURCE 1
| #define _POSIX_PTHREAD_SEMANTICS 1
| #define _TANDEM_SOURCE 1
| /* end confdefs.h.  */
| int foo;
configure:6890: result: no
configure:6900: checking whether gcc supports -Wformat-security
configure:6908: gcc -c -g -O2 -std=c11 -pipe -ffast-math -Wall -Wextra -Wno-sign-compare -Wno-unused-parameter -Wno-clobbered -Wempty-body -Winit-self -Wpointer-arith -Werror -Wformat-security  -DMAXCONN=16384 -I../common -DHAS_TLS conftest.c >&5
configure:6908: $? = 0
configure:6910: result: yes
configure:6949: checking whether gcc supports -Wformat
configure:6957: gcc -c -g -O2 -std=c11 -pipe -ffast-math -Wall -Wextra -Wno-sign-compare -Wno-unused-parameter -Wno-clobbered -Wempty-body -Winit-self -Wpointer-arith -Wformat-security -Werror -Wformat  -DMAXCONN=16384 -I../common -DHAS_TLS conftest.c >&5
configure:6957: $? = 0
configure:6959: result: yes
configure:6998: checking whether gcc supports -Wformat-signedness
configure:7006: gcc -c -g -O2 -std=c11 -pipe -ffast-math -Wall -Wextra -Wno-sign-compare -Wno-unused-parameter -Wno-clobbered -Wempty-body -Winit-self -Wpointer-arith -Wformat-security -Wformat -Werror -Wformat-signedness  -DMAXCONN=16384 -I../common -DHAS_TLS conftest.c >&5
gcc: error: unrecognized command line option '-Wformat-signedness'
configure:7006: $? = 1
configure: failed program was:
| /* confdefs.h */
| #define PACKAGE_NAME ""
| #define PACKAGE_TARNAME ""
| #define PACKAGE_VERSION ""
| #define PACKAGE_STRING ""
| #define PACKAGE_BUGREPORT ""
| #define PACKAGE_URL ""
| #define STDC_HEADERS 1
| #define HAVE_SYS_TYPES_H 1
| #define HAVE_SYS_STAT_H 1
| #define HAVE_STDLIB_H 1
| #define HAVE_STRING_H 1
| #define HAVE_MEMORY_H 1
| #define HAVE_STRINGS_H 1
| #define HAVE_INTTYPES_H 1
| #define HAVE_STDINT_H 1
| #define HAVE_UNISTD_H 1
| #define __EXTENSIONS__ 1
| #define _ALL_SOURCE 1
| #define _GNU_SOURCE 1
| #define _POSIX_PTHREAD_SEMANTICS 1
| #define _TANDEM_SOURCE 1
| /* end confdefs.h.  */
| int foo;
configure:7037: result: no
configure:7047: checking whether gcc supports -Wformat-y2k
configure:7055: gcc -c -g -O2 -std=c11 -pipe -ffast-math -Wall -Wextra -Wno-sign-compare -Wno-unused-parameter -Wno-clobbered -Wempty-body -Winit-self -Wpointer-arith -Wformat-security -Wformat -Werror -Wformat-y2k  -DMAXCONN=16384 -I../common -DHAS_TLS conftest.c >&5
configure:7055: $? = 0
configure:7057: result: yes
configure:7096: checking whether gcc supports -Wmissing-include-dirs
configure:7104: gcc -c -g -O2 -std=c11 -pipe -ffast-math -Wall -Wextra -Wno-sign-compare -Wno-unused-parameter -Wno-clobbered -Wempty-body -Winit-self -Wpointer-arith -Wformat-security -Wformat -Wformat-y2k -Werror -Wmissing-include-dirs  -DMAXCONN=16384 -I../common -DHAS_TLS conftest.c >&5
cc1: error: ../common: No such file or directory [-Werror]
cc1: all warnings being treated as errors
configure:7104: $? = 1
configure: failed program was:
| /* confdefs.h */
| #define PACKAGE_NAME ""
| #define PACKAGE_TARNAME ""
| #define PACKAGE_VERSION ""
| #define PACKAGE_STRING ""
| #define PACKAGE_BUGREPORT ""
| #define PACKAGE_URL ""
| #define STDC_HEADERS 1
| #define HAVE_SYS_TYPES_H 1
| #define HAVE_SYS_STAT_H 1
| #define HAVE_STDLIB_H 1
| #define HAVE_STRING_H 1
| #define HAVE_MEMORY_H 1
| #define HAVE_STRINGS_H 1
| #define HAVE_INTTYPES_H 1
| #define HAVE_STDINT_H 1
| #define HAVE_UNISTD_H 1
| #define __EXTENSIONS__ 1
| #define _ALL_SOURCE 1
| #define _GNU_SOURCE 1
| #define _POSIX_PTHREAD_SEMANTICS 1
| #define _TANDEM_SOURCE 1
| /* end confdefs.h.  */
| int foo;
configure:7135: result: no
configure:7145: checking whether gcc supports -Wsuggest-attribute=noreturn
configure:7153: gcc -c -g -O2 -std=c11 -pipe -ffast-math -Wall -Wextra -Wno-sign-compare -Wno-unused-parameter -Wno-clobbered -Wempty-body -Winit-self -Wpointer-arith -Wformat-security -Wformat -Wformat-y2k -Werror -Wsuggest-attribute=noreturn  -DMAXCONN=16384 -I../common -DHAS_TLS conftest.c >&5
configure:7153: $? = 0
configure:7155: result: yes
configure:7194: checking whether gcc supports -Wundef
configure:7202: gcc -c -g -O2 -std=c11 -pipe -ffast-math -Wall -Wextra -Wno-sign-compare -Wno-unused-parameter -Wno-clobbered -Wempty-body -Winit-self -Wpointer-arith -Wformat-security -Wformat -Wformat-y2k -Wsuggest-attribute=noreturn -Werror -Wundef  -DMAXCONN=16384 -I../common -DHAS_TLS conftest.c >&5
configure:7202: $? = 0
configure:7204: result: yes
configure:7245: checking whether gcc supports -Wnested-externs
configure:7253: gcc -c -g -O2 -std=c11 -pipe -ffast-math -Wall -Wextra -Wno-sign-compare -Wno-unused-parameter -Wno-clobbered -Wempty-body -Winit-self -Wpointer-arith -Wformat-security -Wformat -Wformat-y2k -Wsuggest-attribute=noreturn -Wundef -Werror -Wnested-externs  -DMAXCONN=16384 -I../common -DHAS_TLS conftest.c >&5
configure:7253: $? = 0
configure:7255: result: yes
configure:7294: checking whether gcc supports -Wold-style-definition
configure:7302: gcc -c -g -O2 -std=c11 -pipe -ffast-math -Wall -Wextra -Wno-sign-compare -Wno-unused-parameter -Wno-clobbered -Wempty-body -Winit-self -Wpointer-arith -Wformat-security -Wformat -Wformat-y2k -Wsuggest-attribute=noreturn -Wundef -Wnested-externs -Werror -Wold-style-definition  -DMAXCONN=16384 -I../common -DHAS_TLS conftest.c >&5
configure:7302: $? = 0
configure:7304: result: yes
configure:7343: checking whether gcc supports -Woverlength-strings
configure:7351: gcc -c -g -O2 -std=c11 -pipe -ffast-math -Wall -Wextra -Wno-sign-compare -Wno-unused-parameter -Wno-clobbered -Wempty-body -Winit-self -Wpointer-arith -Wformat-security -Wformat -Wformat-y2k -Wsuggest-attribute=noreturn -Wundef -Wnested-externs -Wold-style-definition -Werror -Woverlength-strings  -DMAXCONN=16384 -I../common -DHAS_TLS conftest.c >&5
configure:7351: $? = 0
configure:7353: result: yes
configure:7392: checking whether gcc supports -Wredundant-decls
configure:7400: gcc -c -g -O2 -std=c11 -pipe -ffast-math -Wall -Wextra -Wno-sign-compare -Wno-unused-parameter -Wno-clobbered -Wempty-body -Winit-self -Wpointer-arith -Wformat-security -Wformat -Wformat-y2k -Wsuggest-attribute=noreturn -Wundef -Wnested-externs -Wold-style-definition -Woverlength-strings -Werror -Wredundant-decls  -DMAXCONN=16384 -I../common -DHAS_TLS conftest.c >&5
configure:7400: $? = 0
configure:7402: result: yes
configure:7441: checking whether gcc supports -Wcast-qual
configure:7449: gcc -c -g -O2 -std=c11 -pipe -ffast-math -Wall -Wextra -Wno-sign-compare -Wno-unused-parameter -Wno-clobbered -Wempty-body -Winit-self -Wpointer-arith -Wformat-security -Wformat -Wformat-y2k -Wsuggest-attribute=noreturn -Wundef -Wnested-externs -Wold-style-definition -Woverlength-strings -Wredundant-decls -Werror -Wcast-qual  -DMAXCONN=16384 -I../common -DHAS_TLS conftest.c >&5
configure:7449: $? = 0
configure:7451: result: yes
configure:7490: checking whether gcc supports -Wmisleading-indentation
configure:7498: gcc -c -g -O2 -std=c11 -pipe -ffast-math -Wall -Wextra -Wno-sign-compare -Wno-unused-parameter -Wno-clobbered -Wempty-body -Winit-self -Wpointer-arith -Wformat-security -Wformat -Wformat-y2k -Wsuggest-attribute=noreturn -Wundef -Wnested-externs -Wold-style-definition -Woverlength-strings -Wredundant-decls -Wcast-qual -Werror -Wmisleading-indentation  -DMAXCONN=16384 -I../common -DHAS_TLS conftest.c >&5
gcc: error: unrecognized command line option '-Wmisleading-indentation'
configure:7498: $? = 1
configure: failed program was:
| /* confdefs.h */
| #define PACKAGE_NAME ""
| #define PACKAGE_TARNAME ""
| #define PACKAGE_VERSION ""
| #define PACKAGE_STRING ""
| #define PACKAGE_BUGREPORT ""
| #define PACKAGE_URL ""
| #define STDC_HEADERS 1
| #define HAVE_SYS_TYPES_H 1
| #define HAVE_SYS_STAT_H 1
| #define HAVE_STDLIB_H 1
| #define HAVE_STRING_H 1
| #define HAVE_MEMORY_H 1
| #define HAVE_STRINGS_H 1
| #define HAVE_INTTYPES_H 1
| #define HAVE_STDINT_H 1
| #define HAVE_UNISTD_H 1
| #define __EXTENSIONS__ 1
| #define _ALL_SOURCE 1
| #define _GNU_SOURCE 1
| #define _POSIX_PTHREAD_SEMANTICS 1
| #define _TANDEM_SOURCE 1
| /* end confdefs.h.  */
| int foo;
configure:7529: result: no
configure:7539: checking whether gcc supports -Wnull-dereference
configure:7547: gcc -c -g -O2 -std=c11 -pipe -ffast-math -Wall -Wextra -Wno-sign-compare -Wno-unused-parameter -Wno-clobbered -Wempty-body -Winit-self -Wpointer-arith -Wformat-security -Wformat -Wformat-y2k -Wsuggest-attribute=noreturn -Wundef -Wnested-externs -Wold-style-definition -Woverlength-strings -Wredundant-decls -Wcast-qual -Werror -Wnull-dereference  -DMAXCONN=16384 -I../common -DHAS_TLS conftest.c >&5
gcc: error: unrecognized command line option '-Wnull-dereference'
configure:7547: $? = 1
configure: failed program was:
| /* confdefs.h */
| #define PACKAGE_NAME ""
| #define PACKAGE_TARNAME ""
| #define PACKAGE_VERSION ""
| #define PACKAGE_STRING ""
| #define PACKAGE_BUGREPORT ""
| #define PACKAGE_URL ""
| #define STDC_HEADERS 1
| #define HAVE_SYS_TYPES_H 1
| #define HAVE_SYS_STAT_H 1
| #define HAVE_STDLIB_H 1
| #define HAVE_STRING_H 1
| #define HAVE_MEMORY_H 1
| #define HAVE_STRINGS_H 1
| #define HAVE_INTTYPES_H 1
| #define HAVE_STDINT_H 1
| #define HAVE_UNISTD_H 1
| #define __EXTENSIONS__ 1
| #define _ALL_SOURCE 1
| #define _GNU_SOURCE 1
| #define _POSIX_PTHREAD_SEMANTICS 1
| #define _TANDEM_SOURCE 1
| /* end confdefs.h.  */
| int foo;
configure:7578: result: no
configure:7588: checking whether gcc supports -Wno-format-nonliteral
configure:7596: gcc -c -g -O2 -std=c11 -pipe -ffast-math -Wall -Wextra -Wno-sign-compare -Wno-unused-parameter -Wno-clobbered -Wempty-body -Winit-self -Wpointer-arith -Wformat-security -Wformat -Wformat-y2k -Wsuggest-attribute=noreturn -Wundef -Wnested-externs -Wold-style-definition -Woverlength-strings -Wredundant-decls -Wcast-qual -Werror -Wno-format-nonliteral  -DMAXCONN=16384 -I../common -DHAS_TLS conftest.c >&5
configure:7596: $? = 0
configure:7606: gcc -c -g -O2 -std=c11 -pipe -ffast-math -Wall -Wextra -Wno-sign-compare -Wno-unused-parameter -Wno-clobbered -Wempty-body -Winit-self -Wpointer-arith -Wformat-security -Wformat -Wformat-y2k -Wsuggest-attribute=noreturn -Wundef -Wnested-externs -Wold-style-definition -Woverlength-strings -Wredundant-decls -Wcast-qual -Werror -Wformat-nonliteral  -DMAXCONN=16384 -I../common -DHAS_TLS conftest.c >&5
configure:7606: $? = 0
configure:7608: result: yes
configure:7676: checking whether gcc supports -Wno-switch
configure:7684: gcc -c -g -O2 -std=c11 -pipe -ffast-math -Wall -Wextra -Wno-sign-compare -Wno-unused-parameter -Wno-clobbered -Wempty-body -Winit-self -Wpointer-arith -Wformat-security -Wformat -Wformat-y2k -Wsuggest-attribute=noreturn -Wundef -Wnested-externs -Wold-style-definition -Woverlength-strings -Wredundant-decls -Wcast-qual -Wno-format-nonliteral -Werror -Wno-switch  -DMAXCONN=16384 -I../common -DHAS_TLS conftest.c >&5
configure:7684: $? = 0
configure:7694: gcc -c -g -O2 -std=c11 -pipe -ffast-math -Wall -Wextra -Wno-sign-compare -Wno-unused-parameter -Wno-clobbered -Wempty-body -Winit-self -Wpointer-arith -Wformat-security -Wformat -Wformat-y2k -Wsuggest-attribute=noreturn -Wundef -Wnested-externs -Wold-style-definition -Woverlength-strings -Wredundant-decls -Wcast-qual -Wno-format-nonliteral -Werror -Wswitch  -DMAXCONN=16384 -I../common -DHAS_TLS conftest.c >&5
configure:7694: $? = 0
configure:7696: result: yes
configure:7764: checking whether gcc supports -Wno-missing-field-initializers
configure:7772: gcc -c -g -O2 -std=c11 -pipe -ffast-math -Wall -Wextra -Wno-sign-compare -Wno-unused-parameter -Wno-clobbered -Wempty-body -Winit-self -Wpointer-arith -Wformat-security -Wformat -Wformat-y2k -Wsuggest-attribute=noreturn -Wundef -Wnested-externs -Wold-style-definition -Woverlength-strings -Wredundant-decls -Wcast-qual -Wno-format-nonliteral -Wno-switch -Werror -Wno-missing-field-initializers  -DMAXCONN=16384 -I../common -DHAS_TLS conftest.c >&5
configure:7772: $? = 0
configure:7782: gcc -c -g -O2 -std=c11 -pipe -ffast-math -Wall -Wextra -Wno-sign-compare -Wno-unused-parameter -Wno-clobbered -Wempty-body -Winit-self -Wpointer-arith -Wformat-security -Wformat -Wformat-y2k -Wsuggest-attribute=noreturn -Wundef -Wnested-externs -Wold-style-definition -Woverlength-strings -Wredundant-decls -Wcast-qual -Wno-format-nonliteral -Wno-switch -Werror -Wmissing-field-initializers  -DMAXCONN=16384 -I../common -DHAS_TLS conftest.c >&5
configure:7782: $? = 0
configure:7784: result: yes
configure:7852: checking whether gcc supports -Wno-suggest-attribute=format
configure:7860: gcc -c -g -O2 -std=c11 -pipe -ffast-math -Wall -Wextra -Wno-sign-compare -Wno-unused-parameter -Wno-clobbered -Wempty-body -Winit-self -Wpointer-arith -Wformat-security -Wformat -Wformat-y2k -Wsuggest-attribute=noreturn -Wundef -Wnested-externs -Wold-style-definition -Woverlength-strings -Wredundant-decls -Wcast-qual -Wno-format-nonliteral -Wno-switch -Wno-missing-field-initializers -Werror -Wno-suggest-attribute=format  -DMAXCONN=16384 -I../common -DHAS_TLS conftest.c >&5
configure:7860: $? = 0
configure:7870: gcc -c -g -O2 -std=c11 -pipe -ffast-math -Wall -Wextra -Wno-sign-compare -Wno-unused-parameter -Wno-clobbered -Wempty-body -Winit-self -Wpointer-arith -Wformat-security -Wformat -Wformat-y2k -Wsuggest-attribute=noreturn -Wundef -Wnested-externs -Wold-style-definition -Woverlength-strings -Wredundant-decls -Wcast-qual -Wno-format-nonliteral -Wno-switch -Wno-missing-field-initializers -Werror -Wsuggest-attribute=format  -DMAXCONN=16384 -I../common -DHAS_TLS conftest.c >&5
configure:7870: $? = 0
configure:7872: result: yes
configure:7945: checking whether gcc supports -Wshadow
configure:7953: gcc -c -g -O2 -std=c11 -pipe -ffast-math -Wall -Wextra -Wno-sign-compare -Wno-unused-parameter -Wno-clobbered -Wempty-body -Winit-self -Wpointer-arith -Wformat-security -Wformat -Wformat-y2k -Wsuggest-attribute=noreturn -Wundef -Wnested-externs -Wold-style-definition -Woverlength-strings -Wredundant-decls -Wcast-qual -Wno-format-nonliteral -Wno-switch -Wno-missing-field-initializers -Wno-suggest-attribute=format -Werror -Wshadow  -DMAXCONN=16384 -I../common -DHAS_TLS conftest.c >&5
configure:7953: $? = 0
configure:7955: result: yes
configure:7994: checking whether gcc can efficiently use -Wshadow
configure:8010: gcc -c -g -O2 -std=c11 -pipe -ffast-math -Wall -Wextra -Wno-sign-compare -Wno-unused-parameter -Wno-clobbered -Wempty-body -Winit-self -Wpointer-arith -Wformat-security -Wformat -Wformat-y2k -Wsuggest-attribute=noreturn -Wundef -Wnested-externs -Wold-style-definition -Woverlength-strings -Wredundant-decls -Wcast-qual -Wno-format-nonliteral -Wno-switch -Wno-missing-field-initializers -Wno-suggest-attribute=format -Wshadow -Werror -Wshadow  -DMAXCONN=16384 -I../common -DHAS_TLS conftest.c >&5
configure:8010: $? = 0
configure:8012: result: yes
configure:8027: checking whether gcc supports -fPIC
configure:8035: gcc -c -g -O2 -std=c11 -pipe -ffast-math -Wall -Wextra -Wno-sign-compare -Wno-unused-parameter -Wno-clobbered -Wempty-body -Winit-self -Wpointer-arith -Wformat-security -Wformat -Wformat-y2k -Wsuggest-attribute=noreturn -Wundef -Wnested-externs -Wold-style-definition -Woverlength-strings -Wredundant-decls -Wcast-qual -Wno-format-nonliteral -Wno-switch -Wno-missing-field-initializers -Wno-suggest-attribute=format -Wshadow -fPIC  -DMAXCONN=16384 -I../common -DHAS_TLS conftest.c >&5
configure:8035: $? = 0
configure:8037: result: yes
configure:8054: checking how to make shared objects
configure:8073: gcc -o conftest -g -O2 -std=c11 -pipe -ffast-math -Wall -Wextra -Wno-sign-compare -Wno-unused-parameter -Wno-clobbered -Wempty-body -Winit-self -Wpointer-arith -Wformat-security -Wformat -Wformat-y2k -Wsuggest-attribute=noreturn -Wundef -Wnested-externs -Wold-style-definition -Woverlength-strings -Wredundant-decls -Wcast-qual -Wno-format-nonliteral -Wno-switch -Wno-missing-field-initializers -Wno-suggest-attribute=format -Wshadow  -fPIC -shared  -DMAXCONN=16384 -I../common -DHAS_TLS  -rdynamic conftest.c  >&5
configure:8073: $? = 0
configure:8095: gcc -o conftest -g -O2 -std=c11 -pipe -ffast-math -Wall -Wextra -Wno-sign-compare -Wno-unused-parameter -Wno-clobbered -Wempty-body -Winit-self -Wpointer-arith -Wformat-security -Wformat -Wformat-y2k -Wsuggest-attribute=noreturn -Wundef -Wnested-externs -Wold-style-definition -Woverlength-strings -Wredundant-decls -Wcast-qual -Wno-format-nonliteral -Wno-switch -Wno-missing-field-initializers -Wno-suggest-attribute=format -Wshadow  -fPIC -nostart  -DMAXCONN=16384 -I../common -DHAS_TLS  -rdynamic conftest.c  >&5
gcc: error: unrecognized command line option '-nostart'
configure:8095: $? = 1
configure: failed program was:
| /* confdefs.h */
| #define PACKAGE_NAME ""
| #define PACKAGE_TARNAME ""
| #define PACKAGE_VERSION ""
| #define PACKAGE_STRING ""
| #define PACKAGE_BUGREPORT ""
| #define PACKAGE_URL ""
| #define STDC_HEADERS 1
| #define HAVE_SYS_TYPES_H 1
| #define HAVE_SYS_STAT_H 1
| #define HAVE_STDLIB_H 1
| #define HAVE_STRING_H 1
| #define HAVE_MEMORY_H 1
| #define HAVE_STRINGS_H 1
| #define HAVE_INTTYPES_H 1
| #define HAVE_STDINT_H 1
| #define HAVE_UNISTD_H 1
| #define __EXTENSIONS__ 1
| #define _ALL_SOURCE 1
| #define _GNU_SOURCE 1
| #define _POSIX_PTHREAD_SEMANTICS 1
| #define _TANDEM_SOURCE 1
| /* end confdefs.h.  */
| 
| 		int bar = 0;
| 
| 		int foo(void)
| 		{
| 			return bar;
| 		}
| 
configure:8112: result: -shared yes
configure:8121: checking whether gcc needs -Wl,--no-undefined to check for undefined references in shared objects
configure:8133: gcc -o conftest  -fPIC -shared  -DMAXCONN=16384 -I../common -DHAS_TLS  -rdynamic conftest.c  >&5
configure:8133: $? = 0
configure:8146: gcc -o conftest  -fPIC -shared -Wl,--no-undefined  -DMAXCONN=16384 -I../common -DHAS_TLS  -rdynamic conftest.c  >&5
configure:8146: $? = 0
configure:8148: result: yes
configure:8181: checking whether gcc supports -fno-strict-aliasing
configure:8189: gcc -c -g -O2 -std=c11 -pipe -ffast-math -Wall -Wextra -Wno-sign-compare -Wno-unused-parameter -Wno-clobbered -Wempty-body -Winit-self -Wpointer-arith -Wformat-security -Wformat -Wformat-y2k -Wsuggest-attribute=noreturn -Wundef -Wnested-externs -Wold-style-definition -Woverlength-strings -Wredundant-decls -Wcast-qual -Wno-format-nonliteral -Wno-switch -Wno-missing-field-initializers -Wno-suggest-attribute=format -Wshadow -fno-strict-aliasing  -DMAXCONN=16384 -I../common -DHAS_TLS conftest.c >&5
configure:8189: $? = 0
configure:8190: result: yes
configure:8211: checking for setrlimit
configure:8211: gcc -o conftest -g -O2 -std=c11 -pipe -ffast-math -Wall -Wextra -Wno-sign-compare -Wno-unused-parameter -Wno-clobbered -Wempty-body -Winit-self -Wpointer-arith -Wformat-security -Wformat -Wformat-y2k -Wsuggest-attribute=noreturn -Wundef -Wnested-externs -Wold-style-definition -Woverlength-strings -Wredundant-decls -Wcast-qual -Wno-format-nonliteral -Wno-switch -Wno-missing-field-initializers -Wno-suggest-attribute=format -Wshadow -fno-strict-aliasing  -DMAXCONN=16384 -I../common -DHAS_TLS  -rdynamic conftest.c  >&5
conftest.c: In function 'main':
conftest.c:56:1: warning: old-style function definition [-Wold-style-definition]
 main ()
 ^
configure:8211: $? = 0
configure:8211: result: yes
configure:8221: checking for strnlen
configure:8221: gcc -o conftest -g -O2 -std=c11 -pipe -ffast-math -Wall -Wextra -Wno-sign-compare -Wno-unused-parameter -Wno-clobbered -Wempty-body -Winit-self -Wpointer-arith -Wformat-security -Wformat -Wformat-y2k -Wsuggest-attribute=noreturn -Wundef -Wnested-externs -Wold-style-definition -Woverlength-strings -Wredundant-decls -Wcast-qual -Wno-format-nonliteral -Wno-switch -Wno-missing-field-initializers -Wno-suggest-attribute=format -Wshadow -fno-strict-aliasing  -DMAXCONN=16384 -I../common -DHAS_TLS -DHAVE_SETRLIMIT  -rdynamic conftest.c  >&5
conftest.c: In function 'main':
conftest.c:56:1: warning: old-style function definition [-Wold-style-definition]
 main ()
 ^
configure:8221: $? = 0
configure:8221: result: yes
configure:8230: checking for uselocale
configure:8230: gcc -o conftest -g -O2 -std=c11 -pipe -ffast-math -Wall -Wextra -Wno-sign-compare -Wno-unused-parameter -Wno-clobbered -Wempty-body -Winit-self -Wpointer-arith -Wformat-security -Wformat -Wformat-y2k -Wsuggest-attribute=noreturn -Wundef -Wnested-externs -Wold-style-definition -Woverlength-strings -Wredundant-decls -Wcast-qual -Wno-format-nonliteral -Wno-switch -Wno-missing-field-initializers -Wno-suggest-attribute=format -Wshadow -fno-strict-aliasing  -DMAXCONN=16384 -I../common -DHAS_TLS -DHAVE_SETRLIMIT -DHAVE_STRNLEN  -rdynamic conftest.c  >&5
conftest.c: In function 'main':
conftest.c:56:1: warning: old-style function definition [-Wold-style-definition]
 main ()
 ^
configure:8230: $? = 0
configure:8230: result: yes
configure:8241: checking for newlocale
configure:8241: gcc -o conftest -g -O2 -std=c11 -pipe -ffast-math -Wall -Wextra -Wno-sign-compare -Wno-unused-parameter -Wno-clobbered -Wempty-body -Winit-self -Wpointer-arith -Wformat-security -Wformat -Wformat-y2k -Wsuggest-attribute=noreturn -Wundef -Wnested-externs -Wold-style-definition -Woverlength-strings -Wredundant-decls -Wcast-qual -Wno-format-nonliteral -Wno-switch -Wno-missing-field-initializers -Wno-suggest-attribute=format -Wshadow -fno-strict-aliasing  -DMAXCONN=16384 -I../common -DHAS_TLS -DHAVE_SETRLIMIT -DHAVE_STRNLEN  -rdynamic conftest.c  >&5
conftest.c: In function 'main':
conftest.c:57:1: warning: old-style function definition [-Wold-style-definition]
 main ()
 ^
configure:8241: $? = 0
configure:8241: result: yes
configure:8252: checking for freelocale
configure:8252: gcc -o conftest -g -O2 -std=c11 -pipe -ffast-math -Wall -Wextra -Wno-sign-compare -Wno-unused-parameter -Wno-clobbered -Wempty-body -Winit-self -Wpointer-arith -Wformat-security -Wformat -Wformat-y2k -Wsuggest-attribute=noreturn -Wundef -Wnested-externs -Wold-style-definition -Woverlength-strings -Wredundant-decls -Wcast-qual -Wno-format-nonliteral -Wno-switch -Wno-missing-field-initializers -Wno-suggest-attribute=format -Wshadow -fno-strict-aliasing  -DMAXCONN=16384 -I../common -DHAS_TLS -DHAVE_SETRLIMIT -DHAVE_STRNLEN  -rdynamic conftest.c  >&5
conftest.c: In function 'main':
conftest.c:58:1: warning: old-style function definition [-Wold-style-definition]
 main ()
 ^
configure:8252: $? = 0
configure:8252: result: yes
configure:8263: checking xlocale.h usability
configure:8263: gcc -c -g -O2 -std=c11 -pipe -ffast-math -Wall -Wextra -Wno-sign-compare -Wno-unused-parameter -Wno-clobbered -Wempty-body -Winit-self -Wpointer-arith -Wformat-security -Wformat -Wformat-y2k -Wsuggest-attribute=noreturn -Wundef -Wnested-externs -Wold-style-definition -Woverlength-strings -Wredundant-decls -Wcast-qual -Wno-format-nonliteral -Wno-switch -Wno-missing-field-initializers -Wno-suggest-attribute=format -Wshadow -fno-strict-aliasing  -DMAXCONN=16384 -I../common -DHAS_TLS -DHAVE_SETRLIMIT -DHAVE_STRNLEN conftest.c >&5
configure:8263: $? = 0
configure:8263: result: yes
configure:8263: checking xlocale.h presence
configure:8263: gcc -E  -DMAXCONN=16384 -I../common -DHAS_TLS -DHAVE_SETRLIMIT -DHAVE_STRNLEN conftest.c
configure:8263: $? = 0
configure:8263: result: yes
configure:8263: checking for xlocale.h
configure:8263: result: yes
configure:8411: checking whether gcc supports -fno-omit-frame-pointer
configure:8421: gcc -c -g -O2 -std=c11 -pipe -ffast-math -Wall -Wextra -Wno-sign-compare -Wno-unused-parameter -Wno-clobbered -Wempty-body -Winit-self -Wpointer-arith -Wformat-security -Wformat -Wformat-y2k -Wsuggest-attribute=noreturn -Wundef -Wnested-externs -Wold-style-definition -Woverlength-strings -Wredundant-decls -Wcast-qual -Wno-format-nonliteral -Wno-switch -Wno-missing-field-initializers -Wno-suggest-attribute=format -Wshadow -fno-strict-aliasing -g -fno-omit-frame-pointer  -DMAXCONN=16384 -I../common -DHAS_TLS -DHAVE_SETRLIMIT -DHAVE_STRNLEN -DDEBUG conftest.c >&5
configure:8421: $? = 0
configure:8423: result: yes
configure:8522: checking whether gcc supports -fno-var-tracking
configure:8532: gcc -c -g -O2 -std=c11 -pipe -ffast-math -Wall -Wextra -Wno-sign-compare -Wno-unused-parameter -Wno-clobbered -Wempty-body -Winit-self -Wpointer-arith -Wformat-security -Wformat -Wformat-y2k -Wsuggest-attribute=noreturn -Wundef -Wnested-externs -Wold-style-definition -Woverlength-strings -Wredundant-decls -Wcast-qual -Wno-format-nonliteral -Wno-switch -Wno-missing-field-initializers -Wno-suggest-attribute=format -Wshadow -fno-strict-aliasing -g -fno-omit-frame-pointer -fno-var-tracking  -DMAXCONN=16384 -I../common -DHAS_TLS -DHAVE_SETRLIMIT -DHAVE_STRNLEN -DDEBUG conftest.c >&5
configure:8532: $? = 0
configure:8534: result: yes
configure:8552: checking host OS
configure:8555: result: Linux
configure:8583: checking for MinGW
configure:8594: result: no
configure:8603: checking for library containing inflateEnd
configure:8634: gcc -o conftest -g -O2 -std=c11 -pipe -ffast-math -Wall -Wextra -Wno-sign-compare -Wno-unused-parameter -Wno-clobbered -Wempty-body -Winit-self -Wpointer-arith -Wformat-security -Wformat -Wformat-y2k -Wsuggest-attribute=noreturn -Wundef -Wnested-externs -Wold-style-definition -Woverlength-strings -Wredundant-decls -Wcast-qual -Wno-format-nonliteral -Wno-switch -Wno-missing-field-initializers -Wno-suggest-attribute=format -Wshadow -fno-strict-aliasing -g -fno-omit-frame-pointer -fno-var-tracking  -DMAXCONN=16384 -I../common -DHAS_TLS -DHAVE_SETRLIMIT -DHAVE_STRNLEN -DDEBUG  -rdynamic -fno-omit-frame-pointer -fno-var-tracking conftest.c  -ldl >&5
conftest.c: In function 'main':
conftest.c:37:1: warning: old-style function definition [-Wold-style-definition]
 main ()
 ^
/tmp/ccS57rvQ.o: In function `main':
/root/trunk/conftest.c:39: undefined reference to `inflateEnd'
collect2: error: ld returned 1 exit status
configure:8634: $? = 1
configure: failed program was:
| /* confdefs.h */
| #define PACKAGE_NAME ""
| #define PACKAGE_TARNAME ""
| #define PACKAGE_VERSION ""
| #define PACKAGE_STRING ""
| #define PACKAGE_BUGREPORT ""
| #define PACKAGE_URL ""
| #define STDC_HEADERS 1
| #define HAVE_SYS_TYPES_H 1
| #define HAVE_SYS_STAT_H 1
| #define HAVE_STDLIB_H 1
| #define HAVE_STRING_H 1
| #define HAVE_MEMORY_H 1
| #define HAVE_STRINGS_H 1
| #define HAVE_INTTYPES_H 1
| #define HAVE_STDINT_H 1
| #define HAVE_UNISTD_H 1
| #define __EXTENSIONS__ 1
| #define _ALL_SOURCE 1
| #define _GNU_SOURCE 1
| #define _POSIX_PTHREAD_SEMANTICS 1
| #define _TANDEM_SOURCE 1
| #define HAVE_USELOCALE 1
| #define HAVE_NEWLOCALE 1
| #define HAVE_FREELOCALE 1
| #define HAVE_XLOCALE_H 1
| /* end confdefs.h.  */
| 
| /* Override any GCC internal prototype to avoid an error.
|    Use char because int might match the return type of a GCC
|    builtin and then its argument prototype would still apply.  */
| #ifdef __cplusplus
| extern "C"
| #endif
| char inflateEnd ();
| int
| main ()
| {
| return inflateEnd ();
|   ;
|   return 0;
| }
configure:8634: gcc -o conftest -g -O2 -std=c11 -pipe -ffast-math -Wall -Wextra -Wno-sign-compare -Wno-unused-parameter -Wno-clobbered -Wempty-body -Winit-self -Wpointer-arith -Wformat-security -Wformat -Wformat-y2k -Wsuggest-attribute=noreturn -Wundef -Wnested-externs -Wold-style-definition -Woverlength-strings -Wredundant-decls -Wcast-qual -Wno-format-nonliteral -Wno-switch -Wno-missing-field-initializers -Wno-suggest-attribute=format -Wshadow -fno-strict-aliasing -g -fno-omit-frame-pointer -fno-var-tracking  -DMAXCONN=16384 -I../common -DHAS_TLS -DHAVE_SETRLIMIT -DHAVE_STRNLEN -DDEBUG  -rdynamic -fno-omit-frame-pointer -fno-var-tracking conftest.c -lz   -ldl >&5
conftest.c: In function 'main':
conftest.c:37:1: warning: old-style function definition [-Wold-style-definition]
 main ()
 ^
configure:8634: $? = 0
configure:8651: result: -lz
configure:8661: checking zlib.h usability
configure:8661: gcc -c -g -O2 -std=c11 -pipe -ffast-math -Wall -Wextra -Wno-sign-compare -Wno-unused-parameter -Wno-clobbered -Wempty-body -Winit-self -Wpointer-arith -Wformat-security -Wformat -Wformat-y2k -Wsuggest-attribute=noreturn -Wundef -Wnested-externs -Wold-style-definition -Woverlength-strings -Wredundant-decls -Wcast-qual -Wno-format-nonliteral -Wno-switch -Wno-missing-field-initializers -Wno-suggest-attribute=format -Wshadow -fno-strict-aliasing -g -fno-omit-frame-pointer -fno-var-tracking  -DMAXCONN=16384 -I../common -DHAS_TLS -DHAVE_SETRLIMIT -DHAVE_STRNLEN -DDEBUG conftest.c >&5
configure:8661: $? = 0
configure:8661: result: yes
configure:8661: checking zlib.h presence
configure:8661: gcc -E  -DMAXCONN=16384 -I../common -DHAS_TLS -DHAVE_SETRLIMIT -DHAVE_STRNLEN -DDEBUG conftest.c
configure:8661: $? = 0
configure:8661: result: yes
configure:8661: checking for zlib.h
configure:8661: result: yes
configure:8674: checking for library containing sqrt
configure:8705: gcc -o conftest -g -O2 -std=c11 -pipe -ffast-math -Wall -Wextra -Wno-sign-compare -Wno-unused-parameter -Wno-clobbered -Wempty-body -Winit-self -Wpointer-arith -Wformat-security -Wformat -Wformat-y2k -Wsuggest-attribute=noreturn -Wundef -Wnested-externs -Wold-style-definition -Woverlength-strings -Wredundant-decls -Wcast-qual -Wno-format-nonliteral -Wno-switch -Wno-missing-field-initializers -Wno-suggest-attribute=format -Wshadow -fno-strict-aliasing -g -fno-omit-frame-pointer -fno-var-tracking  -DMAXCONN=16384 -I../common -DHAS_TLS -DHAVE_SETRLIMIT -DHAVE_STRNLEN -DDEBUG  -rdynamic -fno-omit-frame-pointer -fno-var-tracking conftest.c -lz  -ldl >&5
conftest.c:35:6: warning: conflicting types for built-in function 'sqrt'
 char sqrt ();
      ^
conftest.c: In function 'main':
conftest.c:37:1: warning: old-style function definition [-Wold-style-definition]
 main ()
 ^
/tmp/ccFL2ycU.o: In function `main':
/root/trunk/conftest.c:39: undefined reference to `sqrt'
collect2: error: ld returned 1 exit status
configure:8705: $? = 1
configure: failed program was:
| /* confdefs.h */
| #define PACKAGE_NAME ""
| #define PACKAGE_TARNAME ""
| #define PACKAGE_VERSION ""
| #define PACKAGE_STRING ""
| #define PACKAGE_BUGREPORT ""
| #define PACKAGE_URL ""
| #define STDC_HEADERS 1
| #define HAVE_SYS_TYPES_H 1
| #define HAVE_SYS_STAT_H 1
| #define HAVE_STDLIB_H 1
| #define HAVE_STRING_H 1
| #define HAVE_MEMORY_H 1
| #define HAVE_STRINGS_H 1
| #define HAVE_INTTYPES_H 1
| #define HAVE_STDINT_H 1
| #define HAVE_UNISTD_H 1
| #define __EXTENSIONS__ 1
| #define _ALL_SOURCE 1
| #define _GNU_SOURCE 1
| #define _POSIX_PTHREAD_SEMANTICS 1
| #define _TANDEM_SOURCE 1
| #define HAVE_USELOCALE 1
| #define HAVE_NEWLOCALE 1
| #define HAVE_FREELOCALE 1
| #define HAVE_XLOCALE_H 1
| /* end confdefs.h.  */
| 
| /* Override any GCC internal prototype to avoid an error.
|    Use char because int might match the return type of a GCC
|    builtin and then its argument prototype would still apply.  */
| #ifdef __cplusplus
| extern "C"
| #endif
| char sqrt ();
| int
| main ()
| {
| return sqrt ();
|   ;
|   return 0;
| }
configure:8705: gcc -o conftest -g -O2 -std=c11 -pipe -ffast-math -Wall -Wextra -Wno-sign-compare -Wno-unused-parameter -Wno-clobbered -Wempty-body -Winit-self -Wpointer-arith -Wformat-security -Wformat -Wformat-y2k -Wsuggest-attribute=noreturn -Wundef -Wnested-externs -Wold-style-definition -Woverlength-strings -Wredundant-decls -Wcast-qual -Wno-format-nonliteral -Wno-switch -Wno-missing-field-initializers -Wno-suggest-attribute=format -Wshadow -fno-strict-aliasing -g -fno-omit-frame-pointer -fno-var-tracking  -DMAXCONN=16384 -I../common -DHAS_TLS -DHAVE_SETRLIMIT -DHAVE_STRNLEN -DDEBUG  -rdynamic -fno-omit-frame-pointer -fno-var-tracking conftest.c -lm  -lz  -ldl >&5
conftest.c:35:6: warning: conflicting types for built-in function 'sqrt'
 char sqrt ();
      ^
conftest.c: In function 'main':
conftest.c:37:1: warning: old-style function definition [-Wold-style-definition]
 main ()
 ^
configure:8705: $? = 0
configure:8722: result: -lm
configure:8737: checking for library containing clock_gettime
configure:8768: gcc -o conftest -g -O2 -std=c11 -pipe -ffast-math -Wall -Wextra -Wno-sign-compare -Wno-unused-parameter -Wno-clobbered -Wempty-body -Winit-self -Wpointer-arith -Wformat-security -Wformat -Wformat-y2k -Wsuggest-attribute=noreturn -Wundef -Wnested-externs -Wold-style-definition -Woverlength-strings -Wredundant-decls -Wcast-qual -Wno-format-nonliteral -Wno-switch -Wno-missing-field-initializers -Wno-suggest-attribute=format -Wshadow -fno-strict-aliasing -g -fno-omit-frame-pointer -fno-var-tracking  -DMAXCONN=16384 -I../common -DHAS_TLS -DHAVE_SETRLIMIT -DHAVE_STRNLEN -DDEBUG  -rdynamic -fno-omit-frame-pointer -fno-var-tracking conftest.c -lm -lz  -ldl >&5
conftest.c: In function 'main':
conftest.c:37:1: warning: old-style function definition [-Wold-style-definition]
 main ()
 ^
/tmp/cc0QPipY.o: In function `main':
/root/trunk/conftest.c:39: undefined reference to `clock_gettime'
collect2: error: ld returned 1 exit status
configure:8768: $? = 1
configure: failed program was:
| /* confdefs.h */
| #define PACKAGE_NAME ""
| #define PACKAGE_TARNAME ""
| #define PACKAGE_VERSION ""
| #define PACKAGE_STRING ""
| #define PACKAGE_BUGREPORT ""
| #define PACKAGE_URL ""
| #define STDC_HEADERS 1
| #define HAVE_SYS_TYPES_H 1
| #define HAVE_SYS_STAT_H 1
| #define HAVE_STDLIB_H 1
| #define HAVE_STRING_H 1
| #define HAVE_MEMORY_H 1
| #define HAVE_STRINGS_H 1
| #define HAVE_INTTYPES_H 1
| #define HAVE_STDINT_H 1
| #define HAVE_UNISTD_H 1
| #define __EXTENSIONS__ 1
| #define _ALL_SOURCE 1
| #define _GNU_SOURCE 1
| #define _POSIX_PTHREAD_SEMANTICS 1
| #define _TANDEM_SOURCE 1
| #define HAVE_USELOCALE 1
| #define HAVE_NEWLOCALE 1
| #define HAVE_FREELOCALE 1
| #define HAVE_XLOCALE_H 1
| /* end confdefs.h.  */
| 
| /* Override any GCC internal prototype to avoid an error.
|    Use char because int might match the return type of a GCC
|    builtin and then its argument prototype would still apply.  */
| #ifdef __cplusplus
| extern "C"
| #endif
| char clock_gettime ();
| int
| main ()
| {
| return clock_gettime ();
|   ;
|   return 0;
| }
configure:8768: gcc -o conftest -g -O2 -std=c11 -pipe -ffast-math -Wall -Wextra -Wno-sign-compare -Wno-unused-parameter -Wno-clobbered -Wempty-body -Winit-self -Wpointer-arith -Wformat-security -Wformat -Wformat-y2k -Wsuggest-attribute=noreturn -Wundef -Wnested-externs -Wold-style-definition -Woverlength-strings -Wredundant-decls -Wcast-qual -Wno-format-nonliteral -Wno-switch -Wno-missing-field-initializers -Wno-suggest-attribute=format -Wshadow -fno-strict-aliasing -g -fno-omit-frame-pointer -fno-var-tracking  -DMAXCONN=16384 -I../common -DHAS_TLS -DHAVE_SETRLIMIT -DHAVE_STRNLEN -DDEBUG  -rdynamic -fno-omit-frame-pointer -fno-var-tracking conftest.c -lrt  -lm -lz  -ldl >&5
conftest.c: In function 'main':
conftest.c:37:1: warning: old-style function definition [-Wold-style-definition]
 main ()
 ^
configure:8768: $? = 0
configure:8785: result: -lrt
configure:8804: checking whether CLOCK_MONOTONIC is supported and works
configure:8827: gcc -o conftest -g -O2 -std=c11 -pipe -ffast-math -Wall -Wextra -Wno-sign-compare -Wno-unused-parameter -Wno-clobbered -Wempty-body -Winit-self -Wpointer-arith -Wformat-security -Wformat -Wformat-y2k -Wsuggest-attribute=noreturn -Wundef -Wnested-externs -Wold-style-definition -Woverlength-strings -Wredundant-decls -Wcast-qual -Wno-format-nonliteral -Wno-switch -Wno-missing-field-initializers -Wno-suggest-attribute=format -Wshadow -fno-strict-aliasing -g -fno-omit-frame-pointer -fno-var-tracking  -DMAXCONN=16384 -I../common -DHAS_TLS -DHAVE_SETRLIMIT -DHAVE_STRNLEN -DDEBUG  -rdynamic -fno-omit-frame-pointer -fno-var-tracking conftest.c -lrt -lm -lz  -ldl >&5
configure:8827: $? = 0
configure:8827: ./conftest
configure:8827: $? = 0
configure:8829: result: yes
configure:8851: checking for library containing pthread_create
configure:8882: gcc -o conftest -g -O2 -std=c11 -pipe -ffast-math -Wall -Wextra -Wno-sign-compare -Wno-unused-parameter -Wno-clobbered -Wempty-body -Winit-self -Wpointer-arith -Wformat-security -Wformat -Wformat-y2k -Wsuggest-attribute=noreturn -Wundef -Wnested-externs -Wold-style-definition -Woverlength-strings -Wredundant-decls -Wcast-qual -Wno-format-nonliteral -Wno-switch -Wno-missing-field-initializers -Wno-suggest-attribute=format -Wshadow -fno-strict-aliasing -g -fno-omit-frame-pointer -fno-var-tracking  -DMAXCONN=16384 -I../common -DHAS_TLS -DHAVE_SETRLIMIT -DHAVE_STRNLEN -DDEBUG -DHAVE_MONOTONIC_CLOCK  -rdynamic -fno-omit-frame-pointer -fno-var-tracking conftest.c -lrt -lm -lz  -ldl >&5
conftest.c: In function 'main':
conftest.c:37:1: warning: old-style function definition [-Wold-style-definition]
 main ()
 ^
/opt/rh/devtoolset-3/root/usr/libexec/gcc/x86_64-redhat-linux/4.9.2/ld: /tmp/ccadAxx7.o: undefined reference to symbol 'pthread_create@@GLIBC_2.2.5'
//lib64/libpthread.so.0: error adding symbols: DSO missing from command line
collect2: error: ld returned 1 exit status
configure:8882: $? = 1
configure: failed program was:
| /* confdefs.h */
| #define PACKAGE_NAME ""
| #define PACKAGE_TARNAME ""
| #define PACKAGE_VERSION ""
| #define PACKAGE_STRING ""
| #define PACKAGE_BUGREPORT ""
| #define PACKAGE_URL ""
| #define STDC_HEADERS 1
| #define HAVE_SYS_TYPES_H 1
| #define HAVE_SYS_STAT_H 1
| #define HAVE_STDLIB_H 1
| #define HAVE_STRING_H 1
| #define HAVE_MEMORY_H 1
| #define HAVE_STRINGS_H 1
| #define HAVE_INTTYPES_H 1
| #define HAVE_STDINT_H 1
| #define HAVE_UNISTD_H 1
| #define __EXTENSIONS__ 1
| #define _ALL_SOURCE 1
| #define _GNU_SOURCE 1
| #define _POSIX_PTHREAD_SEMANTICS 1
| #define _TANDEM_SOURCE 1
| #define HAVE_USELOCALE 1
| #define HAVE_NEWLOCALE 1
| #define HAVE_FREELOCALE 1
| #define HAVE_XLOCALE_H 1
| /* end confdefs.h.  */
| 
| /* Override any GCC internal prototype to avoid an error.
|    Use char because int might match the return type of a GCC
|    builtin and then its argument prototype would still apply.  */
| #ifdef __cplusplus
| extern "C"
| #endif
| char pthread_create ();
| int
| main ()
| {
| return pthread_create ();
|   ;
|   return 0;
| }
configure:8882: gcc -o conftest -g -O2 -std=c11 -pipe -ffast-math -Wall -Wextra -Wno-sign-compare -Wno-unused-parameter -Wno-clobbered -Wempty-body -Winit-self -Wpointer-arith -Wformat-security -Wformat -Wformat-y2k -Wsuggest-attribute=noreturn -Wundef -Wnested-externs -Wold-style-definition -Woverlength-strings -Wredundant-decls -Wcast-qual -Wno-format-nonliteral -Wno-switch -Wno-missing-field-initializers -Wno-suggest-attribute=format -Wshadow -fno-strict-aliasing -g -fno-omit-frame-pointer -fno-var-tracking  -DMAXCONN=16384 -I../common -DHAS_TLS -DHAVE_SETRLIMIT -DHAVE_STRNLEN -DDEBUG -DHAVE_MONOTONIC_CLOCK  -rdynamic -fno-omit-frame-pointer -fno-var-tracking conftest.c -lpthread  -lrt -lm -lz  -ldl >&5
conftest.c: In function 'main':
conftest.c:37:1: warning: old-style function definition [-Wold-style-definition]
 main ()
 ^
configure:8882: $? = 0
configure:8899: result: -lpthread
configure:8909: checking for library containing pthread_sigmask
configure:8940: gcc -o conftest -g -O2 -std=c11 -pipe -ffast-math -Wall -Wextra -Wno-sign-compare -Wno-unused-parameter -Wno-clobbered -Wempty-body -Winit-self -Wpointer-arith -Wformat-security -Wformat -Wformat-y2k -Wsuggest-attribute=noreturn -Wundef -Wnested-externs -Wold-style-definition -Woverlength-strings -Wredundant-decls -Wcast-qual -Wno-format-nonliteral -Wno-switch -Wno-missing-field-initializers -Wno-suggest-attribute=format -Wshadow -fno-strict-aliasing -g -fno-omit-frame-pointer -fno-var-tracking  -DMAXCONN=16384 -I../common -DHAS_TLS -DHAVE_SETRLIMIT -DHAVE_STRNLEN -DDEBUG -DHAVE_MONOTONIC_CLOCK  -rdynamic -fno-omit-frame-pointer -fno-var-tracking conftest.c -lpthread -lrt -lm -lz  -ldl >&5
conftest.c: In function 'main':
conftest.c:37:1: warning: old-style function definition [-Wold-style-definition]
 main ()
 ^
configure:8940: $? = 0
configure:8957: result: none required
configure:8967: checking for library containing pthread_attr_init
configure:8998: gcc -o conftest -g -O2 -std=c11 -pipe -ffast-math -Wall -Wextra -Wno-sign-compare -Wno-unused-parameter -Wno-clobbered -Wempty-body -Winit-self -Wpointer-arith -Wformat-security -Wformat -Wformat-y2k -Wsuggest-attribute=noreturn -Wundef -Wnested-externs -Wold-style-definition -Woverlength-strings -Wredundant-decls -Wcast-qual -Wno-format-nonliteral -Wno-switch -Wno-missing-field-initializers -Wno-suggest-attribute=format -Wshadow -fno-strict-aliasing -g -fno-omit-frame-pointer -fno-var-tracking  -DMAXCONN=16384 -I../common -DHAS_TLS -DHAVE_SETRLIMIT -DHAVE_STRNLEN -DDEBUG -DHAVE_MONOTONIC_CLOCK  -rdynamic -fno-omit-frame-pointer -fno-var-tracking conftest.c -lpthread -lrt -lm -lz  -ldl >&5
conftest.c: In function 'main':
conftest.c:37:1: warning: old-style function definition [-Wold-style-definition]
 main ()
 ^
configure:8998: $? = 0
configure:9015: result: none required
configure:9025: checking for library containing pthread_attr_setstacksize
configure:9056: gcc -o conftest -g -O2 -std=c11 -pipe -ffast-math -Wall -Wextra -Wno-sign-compare -Wno-unused-parameter -Wno-clobbered -Wempty-body -Winit-self -Wpointer-arith -Wformat-security -Wformat -Wformat-y2k -Wsuggest-attribute=noreturn -Wundef -Wnested-externs -Wold-style-definition -Woverlength-strings -Wredundant-decls -Wcast-qual -Wno-format-nonliteral -Wno-switch -Wno-missing-field-initializers -Wno-suggest-attribute=format -Wshadow -fno-strict-aliasing -g -fno-omit-frame-pointer -fno-var-tracking  -DMAXCONN=16384 -I../common -DHAS_TLS -DHAVE_SETRLIMIT -DHAVE_STRNLEN -DDEBUG -DHAVE_MONOTONIC_CLOCK  -rdynamic -fno-omit-frame-pointer -fno-var-tracking conftest.c -lpthread -lrt -lm -lz  -ldl >&5
conftest.c: In function 'main':
conftest.c:37:1: warning: old-style function definition [-Wold-style-definition]
 main ()
 ^
configure:9056: $? = 0
configure:9073: result: none required
configure:9083: checking for library containing pthread_attr_destroy
configure:9114: gcc -o conftest -g -O2 -std=c11 -pipe -ffast-math -Wall -Wextra -Wno-sign-compare -Wno-unused-parameter -Wno-clobbered -Wempty-body -Winit-self -Wpointer-arith -Wformat-security -Wformat -Wformat-y2k -Wsuggest-attribute=noreturn -Wundef -Wnested-externs -Wold-style-definition -Woverlength-strings -Wredundant-decls -Wcast-qual -Wno-format-nonliteral -Wno-switch -Wno-missing-field-initializers -Wno-suggest-attribute=format -Wshadow -fno-strict-aliasing -g -fno-omit-frame-pointer -fno-var-tracking  -DMAXCONN=16384 -I../common -DHAS_TLS -DHAVE_SETRLIMIT -DHAVE_STRNLEN -DDEBUG -DHAVE_MONOTONIC_CLOCK  -rdynamic -fno-omit-frame-pointer -fno-var-tracking conftest.c -lpthread -lrt -lm -lz  -ldl >&5
conftest.c: In function 'main':
conftest.c:37:1: warning: old-style function definition [-Wold-style-definition]
 main ()
 ^
configure:9114: $? = 0
configure:9131: result: none required
configure:9141: checking for library containing pthread_cancel
configure:9172: gcc -o conftest -g -O2 -std=c11 -pipe -ffast-math -Wall -Wextra -Wno-sign-compare -Wno-unused-parameter -Wno-clobbered -Wempty-body -Winit-self -Wpointer-arith -Wformat-security -Wformat -Wformat-y2k -Wsuggest-attribute=noreturn -Wundef -Wnested-externs -Wold-style-definition -Woverlength-strings -Wredundant-decls -Wcast-qual -Wno-format-nonliteral -Wno-switch -Wno-missing-field-initializers -Wno-suggest-attribute=format -Wshadow -fno-strict-aliasing -g -fno-omit-frame-pointer -fno-var-tracking  -DMAXCONN=16384 -I../common -DHAS_TLS -DHAVE_SETRLIMIT -DHAVE_STRNLEN -DDEBUG -DHAVE_MONOTONIC_CLOCK  -rdynamic -fno-omit-frame-pointer -fno-var-tracking conftest.c -lpthread -lrt -lm -lz  -ldl >&5
conftest.c: In function 'main':
conftest.c:37:1: warning: old-style function definition [-Wold-style-definition]
 main ()
 ^
configure:9172: $? = 0
configure:9189: result: none required
configure:9199: checking for library containing pthread_join
configure:9230: gcc -o conftest -g -O2 -std=c11 -pipe -ffast-math -Wall -Wextra -Wno-sign-compare -Wno-unused-parameter -Wno-clobbered -Wempty-body -Winit-self -Wpointer-arith -Wformat-security -Wformat -Wformat-y2k -Wsuggest-attribute=noreturn -Wundef -Wnested-externs -Wold-style-definition -Woverlength-strings -Wredundant-decls -Wcast-qual -Wno-format-nonliteral -Wno-switch -Wno-missing-field-initializers -Wno-suggest-attribute=format -Wshadow -fno-strict-aliasing -g -fno-omit-frame-pointer -fno-var-tracking  -DMAXCONN=16384 -I../common -DHAS_TLS -DHAVE_SETRLIMIT -DHAVE_STRNLEN -DDEBUG -DHAVE_MONOTONIC_CLOCK  -rdynamic -fno-omit-frame-pointer -fno-var-tracking conftest.c -lpthread -lrt -lm -lz  -ldl >&5
conftest.c: In function 'main':
conftest.c:37:1: warning: old-style function definition [-Wold-style-definition]
 main ()
 ^
configure:9230: $? = 0
configure:9247: result: none required
configure:9261: checking execinfo.h usability
configure:9261: gcc -c -g -O2 -std=c11 -pipe -ffast-math -Wall -Wextra -Wno-sign-compare -Wno-unused-parameter -Wno-clobbered -Wempty-body -Winit-self -Wpointer-arith -Wformat-security -Wformat -Wformat-y2k -Wsuggest-attribute=noreturn -Wundef -Wnested-externs -Wold-style-definition -Woverlength-strings -Wredundant-decls -Wcast-qual -Wno-format-nonliteral -Wno-switch -Wno-missing-field-initializers -Wno-suggest-attribute=format -Wshadow -fno-strict-aliasing -g -fno-omit-frame-pointer -fno-var-tracking  -DMAXCONN=16384 -I../common -DHAS_TLS -DHAVE_SETRLIMIT -DHAVE_STRNLEN -DDEBUG -DHAVE_MONOTONIC_CLOCK conftest.c >&5
configure:9261: $? = 0
configure:9261: result: yes
configure:9261: checking execinfo.h presence
configure:9261: gcc -E  -DMAXCONN=16384 -I../common -DHAS_TLS -DHAVE_SETRLIMIT -DHAVE_STRNLEN -DDEBUG -DHAVE_MONOTONIC_CLOCK conftest.c
configure:9261: $? = 0
configure:9261: result: yes
configure:9261: checking for execinfo.h
configure:9261: result: yes
configure:9267: checking for library containing backtrace
configure:9298: gcc -o conftest -g -O2 -std=c11 -pipe -ffast-math -Wall -Wextra -Wno-sign-compare -Wno-unused-parameter -Wno-clobbered -Wempty-body -Winit-self -Wpointer-arith -Wformat-security -Wformat -Wformat-y2k -Wsuggest-attribute=noreturn -Wundef -Wnested-externs -Wold-style-definition -Woverlength-strings -Wredundant-decls -Wcast-qual -Wno-format-nonliteral -Wno-switch -Wno-missing-field-initializers -Wno-suggest-attribute=format -Wshadow -fno-strict-aliasing -g -fno-omit-frame-pointer -fno-var-tracking  -DMAXCONN=16384 -I../common -DHAS_TLS -DHAVE_SETRLIMIT -DHAVE_STRNLEN -DDEBUG -DHAVE_MONOTONIC_CLOCK  -rdynamic -fno-omit-frame-pointer -fno-var-tracking conftest.c -lpthread -lrt -lm -lz  -ldl >&5
conftest.c: In function 'main':
conftest.c:38:1: warning: old-style function definition [-Wold-style-definition]
 main ()
 ^
configure:9298: $? = 0
configure:9315: result: none required
configure:9338: checking for mysql_config
configure:9356: found /usr/bin/mysql_config
configure:9369: result: /usr/bin/mysql_config
configure:9393: checking for mysql_init
configure:9393: gcc -o conftest -g -O2 -std=c11 -pipe -ffast-math -Wall -Wextra -Wno-sign-compare -Wno-unused-parameter -Wno-clobbered -Wempty-body -Winit-self -Wpointer-arith -Wformat-security -Wformat -Wformat-y2k -Wsuggest-attribute=noreturn -Wundef -Wnested-externs -Wold-style-definition -Woverlength-strings -Wredundant-decls -Wcast-qual -Wno-format-nonliteral -Wno-switch -Wno-missing-field-initializers -Wno-suggest-attribute=format -Wshadow -fno-strict-aliasing -g -fno-omit-frame-pointer -fno-var-tracking -DHAVE_EXECINFO  -DMAXCONN=16384 -I../common -DHAS_TLS -DHAVE_SETRLIMIT -DHAVE_STRNLEN -DDEBUG -DHAVE_MONOTONIC_CLOCK -I/usr/include/mysql  -rdynamic -fno-omit-frame-pointer -fno-var-tracking conftest.c -lpthread -lrt -lm -lz  -ldl -rdynamic -L/usr/lib64/mysql -lmysqlclient -lz -lcrypt -lnsl -lm -lssl -lcrypto >&5
conftest.c: In function 'main':
conftest.c:61:1: warning: old-style function definition [-Wold-style-definition]
 main ()
 ^
configure:9393: $? = 0
configure:9393: result: yes
configure:9398: checking mysql.h usability
configure:9398: gcc -c -g -O2 -std=c11 -pipe -ffast-math -Wall -Wextra -Wno-sign-compare -Wno-unused-parameter -Wno-clobbered -Wempty-body -Winit-self -Wpointer-arith -Wformat-security -Wformat -Wformat-y2k -Wsuggest-attribute=noreturn -Wundef -Wnested-externs -Wold-style-definition -Woverlength-strings -Wredundant-decls -Wcast-qual -Wno-format-nonliteral -Wno-switch -Wno-missing-field-initializers -Wno-suggest-attribute=format -Wshadow -fno-strict-aliasing -g -fno-omit-frame-pointer -fno-var-tracking -DHAVE_EXECINFO  -DMAXCONN=16384 -I../common -DHAS_TLS -DHAVE_SETRLIMIT -DHAVE_STRNLEN -DDEBUG -DHAVE_MONOTONIC_CLOCK -I/usr/include/mysql conftest.c >&5
configure:9398: $? = 0
configure:9398: result: yes
configure:9398: checking mysql.h presence
configure:9398: gcc -E  -DMAXCONN=16384 -I../common -DHAS_TLS -DHAVE_SETRLIMIT -DHAVE_STRNLEN -DDEBUG -DHAVE_MONOTONIC_CLOCK -I/usr/include/mysql conftest.c
configure:9398: $? = 0
configure:9398: result: yes
configure:9398: checking for mysql.h
configure:9398: result: yes
configure:9409: checking MySQL library (required)
configure:9412: result: yes (5.1.73)
configure:9430: checking PCRE library
configure:9432: checking pcre.h usability
configure:9432: gcc -c -g -O2 -std=c11 -pipe -ffast-math -Wall -Wextra -Wno-sign-compare -Wno-unused-parameter -Wno-clobbered -Wempty-body -Winit-self -Wpointer-arith -Wformat-security -Wformat -Wformat-y2k -Wsuggest-attribute=noreturn -Wundef -Wnested-externs -Wold-style-definition -Woverlength-strings -Wredundant-decls -Wcast-qual -Wno-format-nonliteral -Wno-switch -Wno-missing-field-initializers -Wno-suggest-attribute=format -Wshadow -fno-strict-aliasing -g -fno-omit-frame-pointer -fno-var-tracking -DHAVE_EXECINFO  -DMAXCONN=16384 -I../common -DHAS_TLS -DHAVE_SETRLIMIT -DHAVE_STRNLEN -DDEBUG -DHAVE_MONOTONIC_CLOCK conftest.c >&5
configure:9432: $? = 0
configure:9432: result: yes
configure:9432: checking pcre.h presence
configure:9432: gcc -E  -DMAXCONN=16384 -I../common -DHAS_TLS -DHAVE_SETRLIMIT -DHAVE_STRNLEN -DDEBUG -DHAVE_MONOTONIC_CLOCK conftest.c
configure:9432: $? = 0
configure:9432: result: yes
configure:9432: checking for pcre.h
configure:9432: result: yes
configure:9440: checking for library containing pcre_study
configure:9471: gcc -o conftest -g -O2 -std=c11 -pipe -ffast-math -Wall -Wextra -Wno-sign-compare -Wno-unused-parameter -Wno-clobbered -Wempty-body -Winit-self -Wpointer-arith -Wformat-security -Wformat -Wformat-y2k -Wsuggest-attribute=noreturn -Wundef -Wnested-externs -Wold-style-definition -Woverlength-strings -Wredundant-decls -Wcast-qual -Wno-format-nonliteral -Wno-switch -Wno-missing-field-initializers -Wno-suggest-attribute=format -Wshadow -fno-strict-aliasing -g -fno-omit-frame-pointer -fno-var-tracking -DHAVE_EXECINFO  -DMAXCONN=16384 -I../common -DHAS_TLS -DHAVE_SETRLIMIT -DHAVE_STRNLEN -DDEBUG -DHAVE_MONOTONIC_CLOCK  -rdynamic -fno-omit-frame-pointer -fno-var-tracking conftest.c -lpthread -lrt -lm -lz  -ldl >&5
conftest.c: In function 'main':
conftest.c:38:1: warning: old-style function definition [-Wold-style-definition]
 main ()
 ^
/tmp/cceOajlC.o: In function `main':
/root/trunk/conftest.c:40: undefined reference to `pcre_study'
collect2: error: ld returned 1 exit status
configure:9471: $? = 1
configure: failed program was:
| /* confdefs.h */
| #define PACKAGE_NAME ""
| #define PACKAGE_TARNAME ""
| #define PACKAGE_VERSION ""
| #define PACKAGE_STRING ""
| #define PACKAGE_BUGREPORT ""
| #define PACKAGE_URL ""
| #define STDC_HEADERS 1
| #define HAVE_SYS_TYPES_H 1
| #define HAVE_SYS_STAT_H 1
| #define HAVE_STDLIB_H 1
| #define HAVE_STRING_H 1
| #define HAVE_MEMORY_H 1
| #define HAVE_STRINGS_H 1
| #define HAVE_INTTYPES_H 1
| #define HAVE_STDINT_H 1
| #define HAVE_UNISTD_H 1
| #define __EXTENSIONS__ 1
| #define _ALL_SOURCE 1
| #define _GNU_SOURCE 1
| #define _POSIX_PTHREAD_SEMANTICS 1
| #define _TANDEM_SOURCE 1
| #define HAVE_USELOCALE 1
| #define HAVE_NEWLOCALE 1
| #define HAVE_FREELOCALE 1
| #define HAVE_XLOCALE_H 1
| #define HAVE_EXECINFO_H 1
| /* end confdefs.h.  */
| 
| /* Override any GCC internal prototype to avoid an error.
|    Use char because int might match the return type of a GCC
|    builtin and then its argument prototype would still apply.  */
| #ifdef __cplusplus
| extern "C"
| #endif
| char pcre_study ();
| int
| main ()
| {
| return pcre_study ();
|   ;
|   return 0;
| }
configure:9471: gcc -o conftest -g -O2 -std=c11 -pipe -ffast-math -Wall -Wextra -Wno-sign-compare -Wno-unused-parameter -Wno-clobbered -Wempty-body -Winit-self -Wpointer-arith -Wformat-security -Wformat -Wformat-y2k -Wsuggest-attribute=noreturn -Wundef -Wnested-externs -Wold-style-definition -Woverlength-strings -Wredundant-decls -Wcast-qual -Wno-format-nonliteral -Wno-switch -Wno-missing-field-initializers -Wno-suggest-attribute=format -Wshadow -fno-strict-aliasing -g -fno-omit-frame-pointer -fno-var-tracking -DHAVE_EXECINFO  -DMAXCONN=16384 -I../common -DHAS_TLS -DHAVE_SETRLIMIT -DHAVE_STRNLEN -DDEBUG -DHAVE_MONOTONIC_CLOCK  -rdynamic -fno-omit-frame-pointer -fno-var-tracking conftest.c -lpcre  -lpthread -lrt -lm -lz  -ldl >&5
conftest.c: In function 'main':
conftest.c:38:1: warning: old-style function definition [-Wold-style-definition]
 main ()
 ^
configure:9471: $? = 0
configure:9488: result: -lpcre
configure:9649: checking for doxygen
configure:9665: found /usr/bin/doxygen
configure:9677: result: yes
configure:9688: checking for perl
configure:9704: found /usr/bin/perl
configure:9716: result: yes
configure:9877: creating ./config.status

## ---------------------- ##
## Running config.status. ##
## ---------------------- ##

This file was extended by config.status, which was
generated by GNU Autoconf 2.69.  Invocation command line was

  CONFIG_FILES    = 
  CONFIG_HEADERS  = 
  CONFIG_LINKS    = 
  CONFIG_COMMANDS = 
  $ ./config.status 

on ArionRO

config.status:753: creating Makefile
config.status:753: creating src/common/Makefile
config.status:753: creating 3rdparty/mt19937ar/Makefile
config.status:753: creating 3rdparty/libconfig/Makefile
config.status:753: creating src/char/Makefile
config.status:753: creating src/login/Makefile
config.status:753: creating src/map/Makefile
config.status:753: creating src/plugins/Makefile
config.status:753: creating src/tool/Makefile
config.status:753: creating src/test/Makefile
config.status:753: creating tools/HPMHookGen/Makefile
config.status:753: creating tools/doxygen/Makefile

## ---------------- ##
## Cache variables. ##
## ---------------- ##

ac_cv_c_bigendian=no
ac_cv_c_compiler_gnu=yes
ac_cv_env_CC_set=
ac_cv_env_CC_value=
ac_cv_env_CFLAGS_set=
ac_cv_env_CFLAGS_value=
ac_cv_env_CPPFLAGS_set=
ac_cv_env_CPPFLAGS_value=
ac_cv_env_CPP_set=
ac_cv_env_CPP_value=
ac_cv_env_LDFLAGS_set=
ac_cv_env_LDFLAGS_value=
ac_cv_env_LIBS_set=
ac_cv_env_LIBS_value=
ac_cv_env_build_alias_set=
ac_cv_env_build_alias_value=
ac_cv_env_host_alias_set=
ac_cv_env_host_alias_value=
ac_cv_env_target_alias_set=
ac_cv_env_target_alias_value=
ac_cv_func_freelocale=yes
ac_cv_func_mysql_init=yes
ac_cv_func_newlocale=yes
ac_cv_func_setrlimit=yes
ac_cv_func_strnlen=yes
ac_cv_func_uselocale=yes
ac_cv_header_execinfo_h=yes
ac_cv_header_inttypes_h=yes
ac_cv_header_memory_h=yes
ac_cv_header_minix_config_h=no
ac_cv_header_mysql_h=yes
ac_cv_header_pcre_h=yes
ac_cv_header_stdc=yes
ac_cv_header_stdint_h=yes
ac_cv_header_stdlib_h=yes
ac_cv_header_string_h=yes
ac_cv_header_strings_h=yes
ac_cv_header_sys_stat_h=yes
ac_cv_header_sys_types_h=yes
ac_cv_header_unistd_h=yes
ac_cv_header_xlocale_h=yes
ac_cv_header_zlib_h=yes
ac_cv_objext=o
ac_cv_path_AR=/opt/rh/devtoolset-3/root/usr/bin//ar
ac_cv_path_EGREP='/bin/grep -E'
ac_cv_path_GREP=/bin/grep
ac_cv_path_MYSQL_CONFIG_HOME=/usr/bin/mysql_config
ac_cv_prog_CPP='gcc -E'
ac_cv_prog_HAVE_DOXYGEN=yes
ac_cv_prog_HAVE_PERL=yes
ac_cv_prog_ac_ct_CC=gcc
ac_cv_prog_cc_c89=
ac_cv_prog_cc_g=yes
ac_cv_prog_make_make_set=yes
ac_cv_safe_to_define___extensions__=yes
ac_cv_search_backtrace='none required'
ac_cv_search_clock_gettime=-lrt
ac_cv_search_inflateEnd=-lz
ac_cv_search_pcre_study=-lpcre
ac_cv_search_pthread_attr_destroy='none required'
ac_cv_search_pthread_attr_init='none required'
ac_cv_search_pthread_attr_setstacksize='none required'
ac_cv_search_pthread_cancel='none required'
ac_cv_search_pthread_create=-lpthread
ac_cv_search_pthread_join='none required'
ac_cv_search_pthread_sigmask='none required'
ac_cv_search_sqrt=-lm

## ----------------- ##
## Output variables. ##
## ----------------- ##

AR='/opt/rh/devtoolset-3/root/usr/bin//ar'
CC='gcc'
CFLAGS='-g -O2 -std=c11 -pipe -ffast-math -Wall -Wextra -Wno-sign-compare -Wno-unused-parameter -Wno-clobbered -Wempty-body -Winit-self -Wpointer-arith -Wformat-security -Wformat -Wformat-y2k -Wsuggest-attribute=noreturn -Wundef -Wnested-externs -Wold-style-definition -Woverlength-strings -Wredundant-decls -Wcast-qual -Wno-format-nonliteral -Wno-switch -Wno-missing-field-initializers -Wno-suggest-attribute=format -Wshadow -fno-strict-aliasing -g -fno-omit-frame-pointer -fno-var-tracking -DHAVE_EXECINFO'
CPP='gcc -E'
CPPFLAGS=' -DMAXCONN=16384 -I../common -DHAS_TLS -DHAVE_SETRLIMIT -DHAVE_STRNLEN -DDEBUG -DHAVE_MONOTONIC_CLOCK'
DEFS='-DPACKAGE_NAME=\"\" -DPACKAGE_TARNAME=\"\" -DPACKAGE_VERSION=\"\" -DPACKAGE_STRING=\"\" -DPACKAGE_BUGREPORT=\"\" -DPACKAGE_URL=\"\" -DSTDC_HEADERS=1 -DHAVE_SYS_TYPES_H=1 -DHAVE_SYS_STAT_H=1 -DHAVE_STDLIB_H=1 -DHAVE_STRING_H=1 -DHAVE_MEMORY_H=1 -DHAVE_STRINGS_H=1 -DHAVE_INTTYPES_H=1 -DHAVE_STDINT_H=1 -DHAVE_UNISTD_H=1 -D__EXTENSIONS__=1 -D_ALL_SOURCE=1 -D_GNU_SOURCE=1 -D_POSIX_PTHREAD_SEMANTICS=1 -D_TANDEM_SOURCE=1 -DHAVE_USELOCALE=1 -DHAVE_NEWLOCALE=1 -DHAVE_FREELOCALE=1 -DHAVE_XLOCALE_H=1 -DHAVE_EXECINFO_H=1'
DLLEXT='.so'
ECHO_C=''
ECHO_N='-n'
ECHO_T=''
EGREP='/bin/grep -E'
EXEEXT=''
GREP='/bin/grep'
HAVE_DOXYGEN='yes'
HAVE_MYSQL='yes'
HAVE_PERL='yes'
LDFLAGS=' -rdynamic -fno-omit-frame-pointer -fno-var-tracking'
LIBOBJS=''
LIBS='-lpcre -lpthread -lrt -lm -lz  -ldl'
LTLIBOBJS=''
MYSQL_CFLAGS='-I/usr/include/mysql'
MYSQL_CONFIG_HOME='/usr/bin/mysql_config'
MYSQL_LIBS='-rdynamic -L/usr/lib64/mysql -lmysqlclient -lz -lcrypt -lnsl -lm -lssl -lcrypto'
MYSQL_VERSION='5.1.73'
OBJEXT='o'
PACKAGE_BUGREPORT=''
PACKAGE_NAME=''
PACKAGE_STRING=''
PACKAGE_TARNAME=''
PACKAGE_URL=''
PACKAGE_VERSION=''
PATH_SEPARATOR=':'
PLUGINSTATIC=''
SET_MAKE=''
SHELL='/bin/sh'
SOFLAGS=' -fPIC -shared -Wl,--no-undefined'
STATIC=''
WITH_PLUGINS='yes'
ac_ct_CC='gcc'
bindir='${exec_prefix}/bin'
build_alias=''
datadir='${datarootdir}'
datarootdir='${prefix}/share'
docdir='${datarootdir}/doc/${PACKAGE}'
dvidir='${docdir}'
exec_prefix='${prefix}'
host_alias=''
htmldir='${docdir}'
includedir='${prefix}/include'
infodir='${datarootdir}/info'
libdir='${exec_prefix}/lib'
libexecdir='${exec_prefix}/libexec'
localedir='${datarootdir}/locale'
localstatedir='${prefix}/var'
mandir='${datarootdir}/man'
oldincludedir='/usr/include'
pdfdir='${docdir}'
prefix='/usr/local'
program_transform_name='s,x,x,'
psdir='${docdir}'
runstatedir='${localstatedir}/run'
sbindir='${exec_prefix}/sbin'
sharedstatedir='${prefix}/com'
sysconfdir='${prefix}/etc'
target_alias=''

## ----------- ##
## confdefs.h. ##
## ----------- ##

/* confdefs.h */
#define PACKAGE_NAME ""
#define PACKAGE_TARNAME ""
#define PACKAGE_VERSION ""
#define PACKAGE_STRING ""
#define PACKAGE_BUGREPORT ""
#define PACKAGE_URL ""
#define STDC_HEADERS 1
#define HAVE_SYS_TYPES_H 1
#define HAVE_SYS_STAT_H 1
#define HAVE_STDLIB_H 1
#define HAVE_STRING_H 1
#define HAVE_MEMORY_H 1
#define HAVE_STRINGS_H 1
#define HAVE_INTTYPES_H 1
#define HAVE_STDINT_H 1
#define HAVE_UNISTD_H 1
#define __EXTENSIONS__ 1
#define _ALL_SOURCE 1
#define _GNU_SOURCE 1
#define _POSIX_PTHREAD_SEMANTICS 1
#define _TANDEM_SOURCE 1
#define HAVE_USELOCALE 1
#define HAVE_NEWLOCALE 1
#define HAVE_FREELOCALE 1
#define HAVE_XLOCALE_H 1
#define HAVE_EXECINFO_H 1

configure: exit 0
